============================================================
Building MCU8051IDE Windows exe
============================================================

Preparing build directory ...
  Copying lib/ ...
  Copying data/ ...
  Copying demo/ ...
  Copying icons/ ...
  Copying translations/ ...
  Copying hwplugins/ ...
  Copying libraries/bwidget/ ...
  Copying libraries/img_png/ ...
  Copying libraries/itcl/ (Itcl 3.4) ...
  Copying libraries/tclx8.4/ ...
  Copying libraries/tdom/ ...
  Copying libraries/md5/ ...
  Copying mcu8051ide.png ...
  Copying mcu8051ide_entry.tcl ...
  Generating mcu8051ide.ico ...
    Generated from PNG using ImageMagick
  Preparation complete.

Generating wrap file list ...
Scanning build directory: C:/tjf/github/MCU805IDE_win/build
Generated wrap list with 1005 files
Output: C:/tjf/github/MCU805IDE_win/build/list_of_files_to_wrap.txt
  Wrap list contains 1 files

Verifying wrap file list ...
  All files verified

Building external_command.exe ...
  external_command.exe built successfully

Building mcu8051ide.exe ...


============================================================
Build successful

============================================================
Build successful
  Output: C:\tjf\github\MCU805IDE_win\build\mcu8051ide.exe
  Size:   12953322 bytes

To run: double-click the exe or execute:
  "C:\tjf\github\MCU805IDE_win\build\mcu8051ide.exe"
============================================================
