============================================================
Building MCU 8051 IDE installer
============================================================

Using Inno Setup: C:\Program Files (x86)\Inno Setup 6\ISCC.exe
ISS script:       C:\tjf\github\MCU805IDE_win\build\mcu8051ide_win_setup.iss

Inno Setup 6 Command-Line Compiler
Copyright (C) 1997-2026 Jordan Russell. All rights reserved.
Portions Copyright (C) 2000-2026 Martijn Laan. All rights reserved.
Portions Copyright (C) 2001-2004 Alex Yackimoff. All rights reserved.
https://www.innosetup.com

Compiler engine version: Inno Setup 6.7.3
Non-commercial use only

Preprocessing
   Reading file: C:\Program Files (x86)\Inno Setup 6\ISPPBuiltins.iss
Parsing [Setup] section, line 18
Parsing [Setup] section, line 19
Parsing [Setup] section, line 20
Parsing [Setup] section, line 21
Parsing [Setup] section, line 22
Parsing [Setup] section, line 23
Parsing [Setup] section, line 24
Parsing [Setup] section, line 25
Parsing [Setup] section, line 28
Parsing [Setup] section, line 29
Parsing [Setup] section, line 30
Parsing [Setup] section, line 33
Parsing [Setup] section, line 36
Parsing [Setup] section, line 37
Parsing [Setup] section, line 40
Parsing [Setup] section, line 41
Parsing [Setup] section, line 44
Parsing [Setup] section, line 48
Parsing [Setup] section, line 51
Parsing [Setup] section, line 54
Parsing [Setup] section, line 58
Parsing [Setup] section, line 60
Parsing [Setup] section, line 63
Parsing [Setup] section, line 66
Reading file (LicenseFile)
Reading file (WizardImageFile)
   Reading file: C:\tjf\github\MCU805IDE_win\build\..\src\pkgs\Windows\setup_image.bmp
Reading file (WizardSmallImageFile)
   Reading file: C:\tjf\github\MCU805IDE_win\build\mcu8051ide.png
Preparing Setup program executable
   Verification successful
   Updating icons (Setup.e32)
   Updating version info (Setup.e32)
Determining language code pages
Parsing [Languages] section, line 76
   Reading file: C:\Program Files (x86)\Inno Setup 6\Default.isl
   Messages in script file
Reading default messages from Default.isl
Parsing [Languages] section, line 76
   Reading file: C:\Program Files (x86)\Inno Setup 6\Default.isl
Parsing [LangOptions], [Messages], and [CustomMessages] sections
   Messages in script file
Reading [Code] section
Parsing [Tasks] section, line 79
Parsing [Icons] section, line 123
Parsing [Icons] section, line 124
Parsing [Registry] section, line 70
Parsing [Registry] section, line 71
Parsing [Registry] section, line 72
Parsing [Registry] section, line 73
Parsing [UninstallDelete] section, line 131
Parsing [Run] section, line 127
Parsing [Run] section, line 128
Parsing [Files] section, line 83
Parsing [Files] section, line 84
Parsing [Files] section, line 87
Parsing [Files] section, line 88
Parsing [Files] section, line 91
Parsing [Files] section, line 94
Parsing [Files] section, line 97
Parsing [Files] section, line 100
Parsing [Files] section, line 103
Parsing [Files] section, line 106
Parsing [Files] section, line 109
Parsing [Files] section, line 112
Parsing [Files] section, line 113
Parsing [Files] section, line 114
Parsing [Files] section, line 117
Parsing [Files] section, line 120
Creating setup files
   Verification successful
   Updating icons (Setup.exe)
   Compressing: C:\tjf\github\MCU805IDE_win\build\mcu8051ide.exe
   Compressing: C:\tjf\github\MCU805IDE_win\build\external_command.exe
   Compressing: C:\tjf\github\MCU805IDE_win\build\mcu8051ide.ico
   Compressing: C:\tjf\github\MCU805IDE_win\build\mcu8051ide.png
   Compressing: C:\tjf\github\MCU805IDE_win\build\data\license.txt
   Compressing: C:\tjf\github\MCU805IDE_win\build\data\m5ihib.dtd
   Compressing: C:\tjf\github\MCU805IDE_win\build\data\mcus.xml
   Compressing: C:\tjf\github\MCU805IDE_win\build\data\project.dtd
   Compressing: C:\tjf\github\MCU805IDE_win\build\data\tips.xml
   Compressing: C:\tjf\github\MCU805IDE_win\build\demo\Demo project.mcu8051ide
   Compressing: C:\tjf\github\MCU805IDE_win\build\demo\demo.wtc
   Compressing: C:\tjf\github\MCU805IDE_win\build\demo\demo0.adf
   Compressing: C:\tjf\github\MCU805IDE_win\build\demo\demo0.asm
   Compressing: C:\tjf\github\MCU805IDE_win\build\demo\demo0.hex
   Compressing: C:\tjf\github\MCU805IDE_win\build\demo\demo0.lst
   Compressing: C:\tjf\github\MCU805IDE_win\build\demo\demo1.adf
   Compressing: C:\tjf\github\MCU805IDE_win\build\demo\demo1.asm
   Compressing: C:\tjf\github\MCU805IDE_win\build\demo\demo1.hex
   Compressing: C:\tjf\github\MCU805IDE_win\build\demo\demo1.lst
   Compressing: C:\tjf\github\MCU805IDE_win\build\demo\demo2.adf
   Compressing: C:\tjf\github\MCU805IDE_win\build\demo\demo2.asm
   Compressing: C:\tjf\github\MCU805IDE_win\build\demo\demo2.hex
   Compressing: C:\tjf\github\MCU805IDE_win\build\demo\demo2.lst
   Compressing: C:\tjf\github\MCU805IDE_win\build\demo\demo3.adf
   Compressing: C:\tjf\github\MCU805IDE_win\build\demo\demo3.asm
   Compressing: C:\tjf\github\MCU805IDE_win\build\demo\demo4.adf
   Compressing: C:\tjf\github\MCU805IDE_win\build\demo\demo4.asm
   Compressing: C:\tjf\github\MCU805IDE_win\build\demo\demo4.hex
   Compressing: C:\tjf\github\MCU805IDE_win\build\demo\demo4.lst
   Compressing: C:\tjf\github\MCU805IDE_win\build\demo\demo5.adf
   Compressing: C:\tjf\github\MCU805IDE_win\build\demo\demo5.asm
   Compressing: C:\tjf\github\MCU805IDE_win\build\demo\demo5.hex
   Compressing: C:\tjf\github\MCU805IDE_win\build\demo\demo5.lst
   Compressing: C:\tjf\github\MCU805IDE_win\build\demo\demo_c_0.c
   Compressing: C:\tjf\github\MCU805IDE_win\build\demo\demo_c_0.cdb
   Compressing: C:\tjf\github\MCU805IDE_win\build\demo\demo_c_0.hashes
   Compressing: C:\tjf\github\MCU805IDE_win\build\demo\demo_c_0.ihx
   Compressing: C:\tjf\github\MCU805IDE_win\build\demo\demo_c_0.lst
   Compressing: C:\tjf\github\MCU805IDE_win\build\demo\file.hex
   Compressing: C:\tjf\github\MCU805IDE_win\build\demo\file.lst
   Compressing: C:\tjf\github\MCU805IDE_win\build\demo\keypad_display.c
   Compressing: C:\tjf\github\MCU805IDE_win\build\demo\keypad_display.cdb
   Compressing: C:\tjf\github\MCU805IDE_win\build\demo\keypad_display.hashes
   Compressing: C:\tjf\github\MCU805IDE_win\build\demo\keypad_display.ihx
   Compressing: C:\tjf\github\MCU805IDE_win\build\demo\keypad_display.lst
   Compressing: C:\tjf\github\MCU805IDE_win\build\demo\keypad_display.vhw
   Compressing: C:\tjf\github\MCU805IDE_win\build\demo\LCD.adf
   Compressing: C:\tjf\github\MCU805IDE_win\build\demo\LCD.asm
   Compressing: C:\tjf\github\MCU805IDE_win\build\demo\LCD.hex
   Compressing: C:\tjf\github\MCU805IDE_win\build\demo\LCD.lst
   Compressing: C:\tjf\github\MCU805IDE_win\build\demo\LCD.vhc
   Compressing: C:\tjf\github\MCU805IDE_win\build\demo\ledmatrix.c
   Compressing: C:\tjf\github\MCU805IDE_win\build\demo\ledmatrix.cdb
   Compressing: C:\tjf\github\MCU805IDE_win\build\demo\ledmatrix.hashes
   Compressing: C:\tjf\github\MCU805IDE_win\build\demo\ledmatrix.ihx
   Compressing: C:\tjf\github\MCU805IDE_win\build\demo\ledmatrix.lst
   Compressing: C:\tjf\github\MCU805IDE_win\build\demo\ledmatrix.vhc
   Compressing: C:\tjf\github\MCU805IDE_win\build\demo\mleddisplay.adf
   Compressing: C:\tjf\github\MCU805IDE_win\build\demo\mleddisplay.asm
   Compressing: C:\tjf\github\MCU805IDE_win\build\demo\mleddisplay.hex
   Compressing: C:\tjf\github\MCU805IDE_win\build\demo\mleddisplay.lst
   Compressing: C:\tjf\github\MCU805IDE_win\build\demo\mleddisplay.vhw
   Compressing: C:\tjf\github\MCU805IDE_win\build\translations\languages.txt
   Compressing: C:\tjf\github\MCU805IDE_win\build\translations\README
   Compressing: C:\tjf\github\MCU805IDE_win\build\translations\template.txt
   Compressing: C:\tjf\github\MCU805IDE_win\build\translations\tool.tcl
   Compressing: C:\tjf\github\MCU805IDE_win\build\translations\zh_CN.msg
   Compressing: C:\tjf\github\MCU805IDE_win\build\hwplugins\plug-in_template.txt
   Compressing: C:\tjf\github\MCU805IDE_win\build\hwplugins\README
   Compressing: C:\tjf\github\MCU805IDE_win\build\icons\16x16\1downarrow.png
   Compressing: C:\tjf\github\MCU805IDE_win\build\icons\16x16\1leftarrow.png
   Compressing: C:\tjf\github\MCU805IDE_win\build\icons\16x16\1rightarrow.png
   Compressing: C:\tjf\github\MCU805IDE_win\build\icons\16x16\1uparrow.png
   Compressing: C:\tjf\github\MCU805IDE_win\build\icons\16x16\2downarrow.png
   Compressing: C:\tjf\github\MCU805IDE_win\build\icons\16x16\2leftarrow.png
   Compressing: C:\tjf\github\MCU805IDE_win\build\icons\16x16\2rightarrow.png
   Compressing: C:\tjf\github\MCU805IDE_win\build\icons\16x16\2uparrow.png
   Compressing: C:\tjf\github\MCU805IDE_win\build\icons\16x16\2_rightarrow.png
   Compressing: C:\tjf\github\MCU805IDE_win\build\icons\16x16\8seg.png
   Compressing: C:\tjf\github\MCU805IDE_win\build\icons\16x16\add.png
   Compressing: C:\tjf\github\MCU805IDE_win\build\icons\16x16\amber_dot.png
   Compressing: C:\tjf\github\MCU805IDE_win\build\icons\16x16\arr.png
   Compressing: C:\tjf\github\MCU805IDE_win\build\icons\16x16\ascii.png
   Compressing: C:\tjf\github\MCU805IDE_win\build\icons\16x16\asem51.png
   Compressing: C:\tjf\github\MCU805IDE_win\build\icons\16x16\asm.png
   Compressing: C:\tjf\github\MCU805IDE_win\build\icons\16x16\back.png
   Compressing: C:\tjf\github\MCU805IDE_win\build\icons\16x16\bar5.png
   Compressing: C:\tjf\github\MCU805IDE_win\build\icons\16x16\bh.png
   Compressing: C:\tjf\github\MCU805IDE_win\build\icons\16x16\blockdevice.png
   Compressing: C:\tjf\github\MCU805IDE_win\build\icons\16x16\bm_ex.png
   Compressing: C:\tjf\github\MCU805IDE_win\build\icons\16x16\bookmark.png
   Compressing: C:\tjf\github\MCU805IDE_win\build\icons\16x16\bookmark_add.png
   Compressing: C:\tjf\github\MCU805IDE_win\build\icons\16x16\bookmark_toolbar.png
   Compressing: C:\tjf\github\MCU805IDE_win\build\icons\16x16\bottom.png
   Compressing: C:\tjf\github\MCU805IDE_win\build\icons\16x16\bottom1.png
   Compressing: C:\tjf\github\MCU805IDE_win\build\icons\16x16\bug.png
   Compressing: C:\tjf\github\MCU805IDE_win\build\icons\16x16\button_cancel.png
   Compressing: C:\tjf\github\MCU805IDE_win\build\icons\16x16\camera_test.png
   Compressing: C:\tjf\github\MCU805IDE_win\build\icons\16x16\cancel.png
   Compressing: C:\tjf\github\MCU805IDE_win\build\icons\16x16\change_case.png
   Compressing: C:\tjf\github\MCU805IDE_win\build\icons\16x16\chardevice.png
   Compressing: C:\tjf\github\MCU805IDE_win\build\icons\16x16\clear_left.png
   Compressing: C:\tjf\github\MCU805IDE_win\build\icons\16x16\clear_left_r.png
   Compressing: C:\tjf\github\MCU805IDE_win\build\icons\16x16\colorize.png
   Compressing: C:\tjf\github\MCU805IDE_win\build\icons\16x16\compfile.png
   Compressing: C:\tjf\github\MCU805IDE_win\build\icons\16x16\compfile1.png
   Compressing: C:\tjf\github\MCU805IDE_win\build\icons\16x16\compfile_this.png
   Compressing: C:\tjf\github\MCU805IDE_win\build\icons\16x16\configure.png
   Compressing: C:\tjf\github\MCU805IDE_win\build\icons\16x16\configure_shortcuts.png
   Compressing: C:\tjf\github\MCU805IDE_win\build\icons\16x16\configure_toolbars.png
   Compressing: C:\tjf\github\MCU805IDE_win\build\icons\16x16\contents.png
   Compressing: C:\tjf\github\MCU805IDE_win\build\icons\16x16\corner.png
   Compressing: C:\tjf\github\MCU805IDE_win\build\icons\16x16\d52.png
   Compressing: C:\tjf\github\MCU805IDE_win\build\icons\16x16\diode.png
   Compressing: C:\tjf\github\MCU805IDE_win\build\icons\16x16\disasm.png
   Compressing: C:\tjf\github\MCU805IDE_win\build\icons\16x16\dot.png
   Compressing: C:\tjf\github\MCU805IDE_win\build\icons\16x16\dot_g.png
   Compressing: C:\tjf\github\MCU805IDE_win\build\icons\16x16\dot_gray.png
   Compressing: C:\tjf\github\MCU805IDE_win\build\icons\16x16\dot_r.png
   Compressing: C:\tjf\github\MCU805IDE_win\build\icons\16x16\down.png
   Compressing: C:\tjf\github\MCU805IDE_win\build\icons\16x16\down0.png
   Compressing: C:\tjf\github\MCU805IDE_win\build\icons\16x16\ds1620.png
   Compressing: C:\tjf\github\MCU805IDE_win\build\icons\16x16\edit.png
   Compressing: C:\tjf\github\MCU805IDE_win\build\icons\16x16\editclear.png
   Compressing: C:\tjf\github\MCU805IDE_win\build\icons\16x16\editcopy.png
   Compressing: C:\tjf\github\MCU805IDE_win\build\icons\16x16\editcut.png
   Compressing: C:\tjf\github\MCU805IDE_win\build\icons\16x16\editdelete.png
   Compressing: C:\tjf\github\MCU805IDE_win\build\icons\16x16\editpaste.png
   Compressing: C:\tjf\github\MCU805IDE_win\build\icons\16x16\emacs.png
   Compressing: C:\tjf\github\MCU805IDE_win\build\icons\16x16\emptytrash.png
   Compressing: C:\tjf\github\MCU805IDE_win\build\icons\16x16\eraser.png
   Compressing: C:\tjf\github\MCU805IDE_win\build\icons\16x16\exclamation.png
   Compressing: C:\tjf\github\MCU805IDE_win\build\icons\16x16\exec.png
   Compressing: C:\tjf\github\MCU805IDE_win\build\icons\16x16\exit.png
   Compressing: C:\tjf\github\MCU805IDE_win\build\icons\16x16\fileclose.png
   Compressing: C:\tjf\github\MCU805IDE_win\build\icons\16x16\filefind.png
   Compressing: C:\tjf\github\MCU805IDE_win\build\icons\16x16\fileimport.png
   Compressing: C:\tjf\github\MCU805IDE_win\build\icons\16x16\filenew.png
   Compressing: C:\tjf\github\MCU805IDE_win\build\icons\16x16\fileopen.png
   Compressing: C:\tjf\github\MCU805IDE_win\build\icons\16x16\filesave.png
   Compressing: C:\tjf\github\MCU805IDE_win\build\icons\16x16\filesaveas.png
   Compressing: C:\tjf\github\MCU805IDE_win\build\icons\16x16\filter.png
   Compressing: C:\tjf\github\MCU805IDE_win\build\icons\16x16\find.png
   Compressing: C:\tjf\github\MCU805IDE_win\build\icons\16x16\flag.png
   Compressing: C:\tjf\github\MCU805IDE_win\build\icons\16x16\folder_new.png
   Compressing: C:\tjf\github\MCU805IDE_win\build\icons\16x16\forward.png
   Compressing: C:\tjf\github\MCU805IDE_win\build\icons\16x16\fsview.png
   Compressing: C:\tjf\github\MCU805IDE_win\build\icons\16x16\gear.png
   Compressing: C:\tjf\github\MCU805IDE_win\build\icons\16x16\gear0.png
   Compressing: C:\tjf\github\MCU805IDE_win\build\icons\16x16\gear1.png
   Compressing: C:\tjf\github\MCU805IDE_win\build\icons\16x16\gear2.png
   Compressing: C:\tjf\github\MCU805IDE_win\build\icons\16x16\gedit.png
   Compressing: C:\tjf\github\MCU805IDE_win\build\icons\16x16\gohome.png
   Compressing: C:\tjf\github\MCU805IDE_win\build\icons\16x16\goto.png
   Compressing: C:\tjf\github\MCU805IDE_win\build\icons\16x16\goto2.png
   Compressing: C:\tjf\github\MCU805IDE_win\build\icons\16x16\graph.png
   Compressing: C:\tjf\github\MCU805IDE_win\build\icons\16x16\green_dot.png
   Compressing: C:\tjf\github\MCU805IDE_win\build\icons\16x16\grid0.png
   Compressing: C:\tjf\github\MCU805IDE_win\build\icons\16x16\grid1.png
   Compressing: C:\tjf\github\MCU805IDE_win\build\icons\16x16\grid2.png
   Compressing: C:\tjf\github\MCU805IDE_win\build\icons\16x16\grid3.png
   Compressing: C:\tjf\github\MCU805IDE_win\build\icons\16x16\gvim.png
   Compressing: C:\tjf\github\MCU805IDE_win\build\icons\16x16\hb.png
   Compressing: C:\tjf\github\MCU805IDE_win\build\icons\16x16\hd44780.png
   Compressing: C:\tjf\github\MCU805IDE_win\build\icons\16x16\help.png
   Compressing: C:\tjf\github\MCU805IDE_win\build\icons\16x16\hh.png
   Compressing: C:\tjf\github\MCU805IDE_win\build\icons\16x16\html.png
   Compressing: C:\tjf\github\MCU805IDE_win\build\icons\16x16\idea.png
   Compressing: C:\tjf\github\MCU805IDE_win\build\icons\16x16\indent.png
   Compressing: C:\tjf\github\MCU805IDE_win\build\icons\16x16\info.png
   Compressing: C:\tjf\github\MCU805IDE_win\build\icons\16x16\kaboodleloop.png
   Compressing: C:\tjf\github\MCU805IDE_win\build\icons\16x16\kcmdevices.png
   Compressing: C:\tjf\github\MCU805IDE_win\build\icons\16x16\kcmdf.png
   Compressing: C:\tjf\github\MCU805IDE_win\build\icons\16x16\kcmmemory.png
   Compressing: C:\tjf\github\MCU805IDE_win\build\icons\16x16\kcmmemory_B.png
   Compressing: C:\tjf\github\MCU805IDE_win\build\icons\16x16\kcmmemory_BA.png
   Compressing: C:\tjf\github\MCU805IDE_win\build\icons\16x16\kcmmemory_C.png
   Compressing: C:\tjf\github\MCU805IDE_win\build\icons\16x16\kcmmemory_E.png
   Compressing: C:\tjf\github\MCU805IDE_win\build\icons\16x16\kcmmemory_P.png
   Compressing: C:\tjf\github\MCU805IDE_win\build\icons\16x16\kcmmemory_S.png
   Compressing: C:\tjf\github\MCU805IDE_win\build\icons\16x16\kcmmemory_ST.png
   Compressing: C:\tjf\github\MCU805IDE_win\build\icons\16x16\kcmmemory_X.png
   Compressing: C:\tjf\github\MCU805IDE_win\build\icons\16x16\kcmpci.png
   Compressing: C:\tjf\github\MCU805IDE_win\build\icons\16x16\kcmsystem.png
   Compressing: C:\tjf\github\MCU805IDE_win\build\icons\16x16\key_enter.png
   Compressing: C:\tjf\github\MCU805IDE_win\build\icons\16x16\kservices.png
   Compressing: C:\tjf\github\MCU805IDE_win\build\icons\16x16\kwrite.png
   Compressing: C:\tjf\github\MCU805IDE_win\build\icons\16x16\launch.png
   Compressing: C:\tjf\github\MCU805IDE_win\build\icons\16x16\launch_this.png
   Compressing: C:\tjf\github\MCU805IDE_win\build\icons\16x16\ledblue.png
   Compressing: C:\tjf\github\MCU805IDE_win\build\icons\16x16\ledblue2.png
   Compressing: C:\tjf\github\MCU805IDE_win\build\icons\16x16\leddisplay.png
   Compressing: C:\tjf\github\MCU805IDE_win\build\icons\16x16\ledgray.png
   Compressing: C:\tjf\github\MCU805IDE_win\build\icons\16x16\ledgrayblue.png
   Compressing: C:\tjf\github\MCU805IDE_win\build\icons\16x16\ledgraygreen.png
   Compressing: C:\tjf\github\MCU805IDE_win\build\icons\16x16\ledgrayorange.png
   Compressing: C:\tjf\github\MCU805IDE_win\build\icons\16x16\ledgraypurple.png
   Compressing: C:\tjf\github\MCU805IDE_win\build\icons\16x16\ledgrayred.png
   Compressing: C:\tjf\github\MCU805IDE_win\build\icons\16x16\ledgrayyellow.png
   Compressing: C:\tjf\github\MCU805IDE_win\build\icons\16x16\ledgreen.png
   Compressing: C:\tjf\github\MCU805IDE_win\build\icons\16x16\ledgreen2.png
   Compressing: C:\tjf\github\MCU805IDE_win\build\icons\16x16\ledmatrix.png
   Compressing: C:\tjf\github\MCU805IDE_win\build\icons\16x16\ledorange.png
   Compressing: C:\tjf\github\MCU805IDE_win\build\icons\16x16\ledorange2.png
   Compressing: C:\tjf\github\MCU805IDE_win\build\icons\16x16\ledpanel.png
   Compressing: C:\tjf\github\MCU805IDE_win\build\icons\16x16\ledpurple.png
   Compressing: C:\tjf\github\MCU805IDE_win\build\icons\16x16\ledpurple2.png
   Compressing: C:\tjf\github\MCU805IDE_win\build\icons\16x16\ledred.png
   Compressing: C:\tjf\github\MCU805IDE_win\build\icons\16x16\ledred2.png
   Compressing: C:\tjf\github\MCU805IDE_win\build\icons\16x16\ledyellow.png
   Compressing: C:\tjf\github\MCU805IDE_win\build\icons\16x16\ledyellow2.png
   Compressing: C:\tjf\github\MCU805IDE_win\build\icons\16x16\left.png
   Compressing: C:\tjf\github\MCU805IDE_win\build\icons\16x16\line.png
   Compressing: C:\tjf\github\MCU805IDE_win\build\icons\16x16\locationbar_erase.png
   Compressing: C:\tjf\github\MCU805IDE_win\build\icons\16x16\lock.png
   Compressing: C:\tjf\github\MCU805IDE_win\build\icons\16x16\math_matrix.png
   Compressing: C:\tjf\github\MCU805IDE_win\build\icons\16x16\matrix2.png
   Compressing: C:\tjf\github\MCU805IDE_win\build\icons\16x16\matrixkeypad.png
   Compressing: C:\tjf\github\MCU805IDE_win\build\icons\16x16\mcu8051ide.png
   Compressing: C:\tjf\github\MCU805IDE_win\build\icons\16x16\mleddisplay.png
   Compressing: C:\tjf\github\MCU805IDE_win\build\icons\16x16\mouse.png
   Compressing: C:\tjf\github\MCU805IDE_win\build\icons\16x16\next.png
   Compressing: C:\tjf\github\MCU805IDE_win\build\icons\16x16\no.png
   Compressing: C:\tjf\github\MCU805IDE_win\build\icons\16x16\ok.png
   Compressing: C:\tjf\github\MCU805IDE_win\build\icons\16x16\oval.png
   Compressing: C:\tjf\github\MCU805IDE_win\build\icons\16x16\pencil.png
   Compressing: C:\tjf\github\MCU805IDE_win\build\icons\16x16\player_pause.png
   Compressing: C:\tjf\github\MCU805IDE_win\build\icons\16x16\player_play.png
   Compressing: C:\tjf\github\MCU805IDE_win\build\icons\16x16\player_playlist.png
   Compressing: C:\tjf\github\MCU805IDE_win\build\icons\16x16\player_time.png
   Compressing: C:\tjf\github\MCU805IDE_win\build\icons\16x16\player_time2.png
   Compressing: C:\tjf\github\MCU805IDE_win\build\icons\16x16\project_open.png
   Compressing: C:\tjf\github\MCU805IDE_win\build\icons\16x16\queue.png
   Compressing: C:\tjf\github\MCU805IDE_win\build\icons\16x16\rebuild.png
   Compressing: C:\tjf\github\MCU805IDE_win\build\icons\16x16\redo.png
   Compressing: C:\tjf\github\MCU805IDE_win\build\icons\16x16\red_dot.png
   Compressing: C:\tjf\github\MCU805IDE_win\build\icons\16x16\reload.png
   Compressing: C:\tjf\github\MCU805IDE_win\build\icons\16x16\reload_red.png
   Compressing: C:\tjf\github\MCU805IDE_win\build\icons\16x16\resume.png
   Compressing: C:\tjf\github\MCU805IDE_win\build\icons\16x16\right.png
   Compressing: C:\tjf\github\MCU805IDE_win\build\icons\16x16\save_all.png
   Compressing: C:\tjf\github\MCU805IDE_win\build\icons\16x16\sb.png
   Compressing: C:\tjf\github\MCU805IDE_win\build\icons\16x16\sdcc.png
   Compressing: C:\tjf\github\MCU805IDE_win\build\icons\16x16\set_lcd_size.png
   Compressing: C:\tjf\github\MCU805IDE_win\build\icons\16x16\sh.png
   Compressing: C:\tjf\github\MCU805IDE_win\build\icons\16x16\simplekeypad.png
   Compressing: C:\tjf\github\MCU805IDE_win\build\icons\16x16\sort_incr.png
   Compressing: C:\tjf\github\MCU805IDE_win\build\icons\16x16\source_c.png
   Compressing: C:\tjf\github\MCU805IDE_win\build\icons\16x16\source_cpp.png
   Compressing: C:\tjf\github\MCU805IDE_win\build\icons\16x16\source_h.png
   Compressing: C:\tjf\github\MCU805IDE_win\build\icons\16x16\spellcheck.png
   Compressing: C:\tjf\github\MCU805IDE_win\build\icons\16x16\status_unknown.png
   Compressing: C:\tjf\github\MCU805IDE_win\build\icons\16x16\sub.png
   Compressing: C:\tjf\github\MCU805IDE_win\build\icons\16x16\symbol.png
   Compressing: C:\tjf\github\MCU805IDE_win\build\icons\16x16\symbol0.png
   Compressing: C:\tjf\github\MCU805IDE_win\build\icons\16x16\symbol1.png
   Compressing: C:\tjf\github\MCU805IDE_win\build\icons\16x16\symbol2.png
   Compressing: C:\tjf\github\MCU805IDE_win\build\icons\16x16\symbol3.png
   Compressing: C:\tjf\github\MCU805IDE_win\build\icons\16x16\symbol4.png
   Compressing: C:\tjf\github\MCU805IDE_win\build\icons\16x16\symbol5.png
   Compressing: C:\tjf\github\MCU805IDE_win\build\icons\16x16\terminal.png
   Compressing: C:\tjf\github\MCU805IDE_win\build\icons\16x16\tex.png
   Compressing: C:\tjf\github\MCU805IDE_win\build\icons\16x16\text_bold.png
   Compressing: C:\tjf\github\MCU805IDE_win\build\icons\16x16\text_italic.png
   Compressing: C:\tjf\github\MCU805IDE_win\build\icons\16x16\text_strike.png
   Compressing: C:\tjf\github\MCU805IDE_win\build\icons\16x16\text_under.png
   Compressing: C:\tjf\github\MCU805IDE_win\build\icons\16x16\text_x_makefile.png
   Compressing: C:\tjf\github\MCU805IDE_win\build\icons\16x16\today.png
   Compressing: C:\tjf\github\MCU805IDE_win\build\icons\16x16\top.png
   Compressing: C:\tjf\github\MCU805IDE_win\build\icons\16x16\undo.png
   Compressing: C:\tjf\github\MCU805IDE_win\build\icons\16x16\unindent.png
   Compressing: C:\tjf\github\MCU805IDE_win\build\icons\16x16\unlock.png
   Compressing: C:\tjf\github\MCU805IDE_win\build\icons\16x16\up.png
   Compressing: C:\tjf\github\MCU805IDE_win\build\icons\16x16\up0.png
   Compressing: C:\tjf\github\MCU805IDE_win\build\icons\16x16\usb.png
   Compressing: C:\tjf\github\MCU805IDE_win\build\icons\16x16\vcs_commit.png
   Compressing: C:\tjf\github\MCU805IDE_win\build\icons\16x16\vcs_update.png
   Compressing: C:\tjf\github\MCU805IDE_win\build\icons\16x16\viewmag_in.png
   Compressing: C:\tjf\github\MCU805IDE_win\build\icons\16x16\viewmag_out.png
   Compressing: C:\tjf\github\MCU805IDE_win\build\icons\16x16\view_choose.png
   Compressing: C:\tjf\github\MCU805IDE_win\build\icons\16x16\view_detailed.png
   Compressing: C:\tjf\github\MCU805IDE_win\build\icons\16x16\view_icon.png
   Compressing: C:\tjf\github\MCU805IDE_win\build\icons\16x16\view_left_right.png
   Compressing: C:\tjf\github\MCU805IDE_win\build\icons\16x16\view_remove.png
   Compressing: C:\tjf\github\MCU805IDE_win\build\icons\16x16\view_text.png
   Compressing: C:\tjf\github\MCU805IDE_win\build\icons\16x16\view_top_bottom.png
   Compressing: C:\tjf\github\MCU805IDE_win\build\icons\16x16\window_fullscreen.png
   Compressing: C:\tjf\github\MCU805IDE_win\build\icons\16x16\xcalc.png
   Compressing: C:\tjf\github\MCU805IDE_win\build\icons\16x16\_1downarrow.png
   Compressing: C:\tjf\github\MCU805IDE_win\build\icons\16x16\_1leftarrow.png
   Compressing: C:\tjf\github\MCU805IDE_win\build\icons\16x16\_1rightarrow.png
   Compressing: C:\tjf\github\MCU805IDE_win\build\icons\16x16\_1uparrow.png
   Compressing: C:\tjf\github\MCU805IDE_win\build\icons\16x16\_blockdevice.png
   Compressing: C:\tjf\github\MCU805IDE_win\build\icons\16x16\_chardevice.png
   Compressing: C:\tjf\github\MCU805IDE_win\build\icons\16x16\_player_pause.png
   Compressing: C:\tjf\github\MCU805IDE_win\build\icons\16x16\__blockdevice.png
   Compressing: C:\tjf\github\MCU805IDE_win\build\icons\22x22\1downarrow.png
   Compressing: C:\tjf\github\MCU805IDE_win\build\icons\22x22\1leftarrow.png
   Compressing: C:\tjf\github\MCU805IDE_win\build\icons\22x22\1rightarrow.png
   Compressing: C:\tjf\github\MCU805IDE_win\build\icons\22x22\1uparrow.png
   Compressing: C:\tjf\github\MCU805IDE_win\build\icons\22x22\2rightarrow.png
   Compressing: C:\tjf\github\MCU805IDE_win\build\icons\22x22\8seg.png
   Compressing: C:\tjf\github\MCU805IDE_win\build\icons\22x22\back.png
   Compressing: C:\tjf\github\MCU805IDE_win\build\icons\22x22\bar0.png
   Compressing: C:\tjf\github\MCU805IDE_win\build\icons\22x22\bar1.png
   Compressing: C:\tjf\github\MCU805IDE_win\build\icons\22x22\bar5.png
   Compressing: C:\tjf\github\MCU805IDE_win\build\icons\22x22\binary.png
   Compressing: C:\tjf\github\MCU805IDE_win\build\icons\22x22\bookmark.png
   Compressing: C:\tjf\github\MCU805IDE_win\build\icons\22x22\bookmark_folder.png
   Compressing: C:\tjf\github\MCU805IDE_win\build\icons\22x22\change_case.png
   Compressing: C:\tjf\github\MCU805IDE_win\build\icons\22x22\chardevice.png
   Compressing: C:\tjf\github\MCU805IDE_win\build\icons\22x22\compfile.png
   Compressing: C:\tjf\github\MCU805IDE_win\build\icons\22x22\compfile1.png
   Compressing: C:\tjf\github\MCU805IDE_win\build\icons\22x22\compfile_this.png
   Compressing: C:\tjf\github\MCU805IDE_win\build\icons\22x22\configure.png
   Compressing: C:\tjf\github\MCU805IDE_win\build\icons\22x22\contents.png
   Compressing: C:\tjf\github\MCU805IDE_win\build\icons\22x22\d52.png
   Compressing: C:\tjf\github\MCU805IDE_win\build\icons\22x22\desktop.png
   Compressing: C:\tjf\github\MCU805IDE_win\build\icons\22x22\disasm.png
   Compressing: C:\tjf\github\MCU805IDE_win\build\icons\22x22\ds1620.png
   Compressing: C:\tjf\github\MCU805IDE_win\build\icons\22x22\editclear.png
   Compressing: C:\tjf\github\MCU805IDE_win\build\icons\22x22\editcopy.png
   Compressing: C:\tjf\github\MCU805IDE_win\build\icons\22x22\editcut.png
   Compressing: C:\tjf\github\MCU805IDE_win\build\icons\22x22\editdelete.png
   Compressing: C:\tjf\github\MCU805IDE_win\build\icons\22x22\editpaste.png
   Compressing: C:\tjf\github\MCU805IDE_win\build\icons\22x22\emptytrash.png
   Compressing: C:\tjf\github\MCU805IDE_win\build\icons\22x22\exit.png
   Compressing: C:\tjf\github\MCU805IDE_win\build\icons\22x22\fileclose.png
   Compressing: C:\tjf\github\MCU805IDE_win\build\icons\22x22\filenew.png
   Compressing: C:\tjf\github\MCU805IDE_win\build\icons\22x22\fileopen.png
   Compressing: C:\tjf\github\MCU805IDE_win\build\icons\22x22\filesave.png
   Compressing: C:\tjf\github\MCU805IDE_win\build\icons\22x22\filesaveas.png
   Compressing: C:\tjf\github\MCU805IDE_win\build\icons\22x22\filter.png
   Compressing: C:\tjf\github\MCU805IDE_win\build\icons\22x22\find.png
   Compressing: C:\tjf\github\MCU805IDE_win\build\icons\22x22\flag.png
   Compressing: C:\tjf\github\MCU805IDE_win\build\icons\22x22\folder_home.png
   Compressing: C:\tjf\github\MCU805IDE_win\build\icons\22x22\folder_new.png
   Compressing: C:\tjf\github\MCU805IDE_win\build\icons\22x22\fork.png
   Compressing: C:\tjf\github\MCU805IDE_win\build\icons\22x22\fork_this.png
   Compressing: C:\tjf\github\MCU805IDE_win\build\icons\22x22\forward.png
   Compressing: C:\tjf\github\MCU805IDE_win\build\icons\22x22\fsview.png
   Compressing: C:\tjf\github\MCU805IDE_win\build\icons\22x22\gear.png
   Compressing: C:\tjf\github\MCU805IDE_win\build\icons\22x22\gear0.png
   Compressing: C:\tjf\github\MCU805IDE_win\build\icons\22x22\gear0_play.png
   Compressing: C:\tjf\github\MCU805IDE_win\build\icons\22x22\gear1.png
   Compressing: C:\tjf\github\MCU805IDE_win\build\icons\22x22\gear1_play.png
   Compressing: C:\tjf\github\MCU805IDE_win\build\icons\22x22\gear2.png
   Compressing: C:\tjf\github\MCU805IDE_win\build\icons\22x22\gear2_play.png
   Compressing: C:\tjf\github\MCU805IDE_win\build\icons\22x22\goto.png
   Compressing: C:\tjf\github\MCU805IDE_win\build\icons\22x22\goto2.png
   Compressing: C:\tjf\github\MCU805IDE_win\build\icons\22x22\hd44780.png
   Compressing: C:\tjf\github\MCU805IDE_win\build\icons\22x22\hdd_unmount.png
   Compressing: C:\tjf\github\MCU805IDE_win\build\icons\22x22\help.png
   Compressing: C:\tjf\github\MCU805IDE_win\build\icons\22x22\history.png
   Compressing: C:\tjf\github\MCU805IDE_win\build\icons\22x22\history2.png
   Compressing: C:\tjf\github\MCU805IDE_win\build\icons\22x22\html.png
   Compressing: C:\tjf\github\MCU805IDE_win\build\icons\22x22\kaboodleloop.png
   Compressing: C:\tjf\github\MCU805IDE_win\build\icons\22x22\kcmdf.png
   Compressing: C:\tjf\github\MCU805IDE_win\build\icons\22x22\kcmsystem.png
   Compressing: C:\tjf\github\MCU805IDE_win\build\icons\22x22\leddisplay.png
   Compressing: C:\tjf\github\MCU805IDE_win\build\icons\22x22\ledmatrix.png
   Compressing: C:\tjf\github\MCU805IDE_win\build\icons\22x22\ledpanel.png
   Compressing: C:\tjf\github\MCU805IDE_win\build\icons\22x22\math_matrix.png
   Compressing: C:\tjf\github\MCU805IDE_win\build\icons\22x22\matrixkeypad.png
   Compressing: C:\tjf\github\MCU805IDE_win\build\icons\22x22\mcu8051ide.png
   Compressing: C:\tjf\github\MCU805IDE_win\build\icons\22x22\memory.png
   Compressing: C:\tjf\github\MCU805IDE_win\build\icons\22x22\memory_B.png
   Compressing: C:\tjf\github\MCU805IDE_win\build\icons\22x22\memory_BA.png
   Compressing: C:\tjf\github\MCU805IDE_win\build\icons\22x22\memory_C.png
   Compressing: C:\tjf\github\MCU805IDE_win\build\icons\22x22\memory_E.png
   Compressing: C:\tjf\github\MCU805IDE_win\build\icons\22x22\memory_P.png
   Compressing: C:\tjf\github\MCU805IDE_win\build\icons\22x22\memory_S.png
   Compressing: C:\tjf\github\MCU805IDE_win\build\icons\22x22\memory_ST.png
   Compressing: C:\tjf\github\MCU805IDE_win\build\icons\22x22\memory_X.png
   Compressing: C:\tjf\github\MCU805IDE_win\build\icons\22x22\mleddisplay.png
   Compressing: C:\tjf\github\MCU805IDE_win\build\icons\22x22\pencil.png
   Compressing: C:\tjf\github\MCU805IDE_win\build\icons\22x22\player_pause.png
   Compressing: C:\tjf\github\MCU805IDE_win\build\icons\22x22\player_play.png
   Compressing: C:\tjf\github\MCU805IDE_win\build\icons\22x22\project_open.png
   Compressing: C:\tjf\github\MCU805IDE_win\build\icons\22x22\rebuild.png
   Compressing: C:\tjf\github\MCU805IDE_win\build\icons\22x22\redo.png
   Compressing: C:\tjf\github\MCU805IDE_win\build\icons\22x22\reload.png
   Compressing: C:\tjf\github\MCU805IDE_win\build\icons\22x22\resume.png
   Compressing: C:\tjf\github\MCU805IDE_win\build\icons\22x22\run.png
   Compressing: C:\tjf\github\MCU805IDE_win\build\icons\22x22\save_all.png
   Compressing: C:\tjf\github\MCU805IDE_win\build\icons\22x22\simplekeypad.png
   Compressing: C:\tjf\github\MCU805IDE_win\build\icons\22x22\stop.png
   Compressing: C:\tjf\github\MCU805IDE_win\build\icons\22x22\symbol.png
   Compressing: C:\tjf\github\MCU805IDE_win\build\icons\22x22\tex.png
   Compressing: C:\tjf\github\MCU805IDE_win\build\icons\22x22\undo.png
   Compressing: C:\tjf\github\MCU805IDE_win\build\icons\22x22\view_detailed.png
   Compressing: C:\tjf\github\MCU805IDE_win\build\icons\22x22\view_icon.png
   Compressing: C:\tjf\github\MCU805IDE_win\build\icons\22x22\window_fullscreen.png
   Compressing: C:\tjf\github\MCU805IDE_win\build\icons\22x22\window_nofullscreen.png
   Compressing: C:\tjf\github\MCU805IDE_win\build\icons\22x22\xcalc.png
   Compressing: C:\tjf\github\MCU805IDE_win\build\icons\22x22\_blockdevice.png
   Compressing: C:\tjf\github\MCU805IDE_win\build\icons\22x22\_chardevice.png
   Compressing: C:\tjf\github\MCU805IDE_win\build\icons\22x22\_kcmdf.png
   Compressing: C:\tjf\github\MCU805IDE_win\build\icons\22x22\__blockdevice.png
   Compressing: C:\tjf\github\MCU805IDE_win\build\icons\32x32\button_ok.png
   Compressing: C:\tjf\github\MCU805IDE_win\build\icons\32x32\configure.png
   Compressing: C:\tjf\github\MCU805IDE_win\build\icons\32x32\exec.png
   Compressing: C:\tjf\github\MCU805IDE_win\build\icons\32x32\fileclose.png
   Compressing: C:\tjf\github\MCU805IDE_win\build\icons\32x32\help.png
   Compressing: C:\tjf\github\MCU805IDE_win\build\icons\32x32\kcmmemory.png
   Compressing: C:\tjf\github\MCU805IDE_win\build\icons\32x32\mcu8051ide.png
   Compressing: C:\tjf\github\MCU805IDE_win\build\icons\32x32\messagebox_critical.png
   Compressing: C:\tjf\github\MCU805IDE_win\build\icons\32x32\messagebox_info.png
   Compressing: C:\tjf\github\MCU805IDE_win\build\icons\32x32\messagebox_warning.png
   Compressing: C:\tjf\github\MCU805IDE_win\build\icons\32x32\user_away.png
   Compressing: C:\tjf\github\MCU805IDE_win\build\icons\32x32\wizard.png
   Compressing: C:\tjf\github\MCU805IDE_win\build\icons\flag\Afghanistan.png
   Compressing: C:\tjf\github\MCU805IDE_win\build\icons\flag\Albania.png
   Compressing: C:\tjf\github\MCU805IDE_win\build\icons\flag\Algeria.png
   Compressing: C:\tjf\github\MCU805IDE_win\build\icons\flag\American_Samoa.png
   Compressing: C:\tjf\github\MCU805IDE_win\build\icons\flag\Andorra.png
   Compressing: C:\tjf\github\MCU805IDE_win\build\icons\flag\Angola.png
   Compressing: C:\tjf\github\MCU805IDE_win\build\icons\flag\Anguilla.png
   Compressing: C:\tjf\github\MCU805IDE_win\build\icons\flag\Antigua_and_Barbuda.png
   Compressing: C:\tjf\github\MCU805IDE_win\build\icons\flag\Argentina.png
   Compressing: C:\tjf\github\MCU805IDE_win\build\icons\flag\Armenia.png
   Compressing: C:\tjf\github\MCU805IDE_win\build\icons\flag\Aruba.png
   Compressing: C:\tjf\github\MCU805IDE_win\build\icons\flag\Australia.png
   Compressing: C:\tjf\github\MCU805IDE_win\build\icons\flag\Austria.png
   Compressing: C:\tjf\github\MCU805IDE_win\build\icons\flag\Azerbaijan.png
   Compressing: C:\tjf\github\MCU805IDE_win\build\icons\flag\Bahamas.png
   Compressing: C:\tjf\github\MCU805IDE_win\build\icons\flag\Bahrain.png
   Compressing: C:\tjf\github\MCU805IDE_win\build\icons\flag\Bangladesh.png
   Compressing: C:\tjf\github\MCU805IDE_win\build\icons\flag\Barbados.png
   Compressing: C:\tjf\github\MCU805IDE_win\build\icons\flag\Belarus.png
   Compressing: C:\tjf\github\MCU805IDE_win\build\icons\flag\Belgium.png
   Compressing: C:\tjf\github\MCU805IDE_win\build\icons\flag\Belize.png
   Compressing: C:\tjf\github\MCU805IDE_win\build\icons\flag\Benin.png
   Compressing: C:\tjf\github\MCU805IDE_win\build\icons\flag\Bermuda.png
   Compressing: C:\tjf\github\MCU805IDE_win\build\icons\flag\Bhutan.png
   Compressing: C:\tjf\github\MCU805IDE_win\build\icons\flag\Bolivia.png
   Compressing: C:\tjf\github\MCU805IDE_win\build\icons\flag\Bosnia.png
   Compressing: C:\tjf\github\MCU805IDE_win\build\icons\flag\Botswana.png
   Compressing: C:\tjf\github\MCU805IDE_win\build\icons\flag\Brazil.png
   Compressing: C:\tjf\github\MCU805IDE_win\build\icons\flag\British_Virgin_Islands.png
   Compressing: C:\tjf\github\MCU805IDE_win\build\icons\flag\Brunei.png
   Compressing: C:\tjf\github\MCU805IDE_win\build\icons\flag\Bulgaria.png
   Compressing: C:\tjf\github\MCU805IDE_win\build\icons\flag\Burkina_Faso.png
   Compressing: C:\tjf\github\MCU805IDE_win\build\icons\flag\Burundi.png
   Compressing: C:\tjf\github\MCU805IDE_win\build\icons\flag\Cambodia.png
   Compressing: C:\tjf\github\MCU805IDE_win\build\icons\flag\Cameroon.png
   Compressing: C:\tjf\github\MCU805IDE_win\build\icons\flag\Canada.png
   Compressing: C:\tjf\github\MCU805IDE_win\build\icons\flag\Cape_Verde.png
   Compressing: C:\tjf\github\MCU805IDE_win\build\icons\flag\Cayman_Islands.png
   Compressing: C:\tjf\github\MCU805IDE_win\build\icons\flag\Central_African_Republic.png
   Compressing: C:\tjf\github\MCU805IDE_win\build\icons\flag\Chad.png
   Compressing: C:\tjf\github\MCU805IDE_win\build\icons\flag\Chile.png
   Compressing: C:\tjf\github\MCU805IDE_win\build\icons\flag\China.png
   Compressing: C:\tjf\github\MCU805IDE_win\build\icons\flag\Christmas_Island.png
   Compressing: C:\tjf\github\MCU805IDE_win\build\icons\flag\Colombia.png
   Compressing: C:\tjf\github\MCU805IDE_win\build\icons\flag\Comoros.png
   Compressing: C:\tjf\github\MCU805IDE_win\build\icons\flag\Cook_Islands.png
   Compressing: C:\tjf\github\MCU805IDE_win\build\icons\flag\Costa_Rica.png
   Compressing: C:\tjf\github\MCU805IDE_win\build\icons\flag\Cote_dIvoire.png
   Compressing: C:\tjf\github\MCU805IDE_win\build\icons\flag\Croatia.png
   Compressing: C:\tjf\github\MCU805IDE_win\build\icons\flag\Cuba.png
   Compressing: C:\tjf\github\MCU805IDE_win\build\icons\flag\Cyprus.png
   Compressing: C:\tjf\github\MCU805IDE_win\build\icons\flag\Czech_Republic.png
   Compressing: C:\tjf\github\MCU805IDE_win\build\icons\flag\Democratic_Republic_of_the_Congo.png
   Compressing: C:\tjf\github\MCU805IDE_win\build\icons\flag\Denmark.png
   Compressing: C:\tjf\github\MCU805IDE_win\build\icons\flag\Djibouti.png
   Compressing: C:\tjf\github\MCU805IDE_win\build\icons\flag\Dominica.png
   Compressing: C:\tjf\github\MCU805IDE_win\build\icons\flag\Dominican_Republic.png
   Compressing: C:\tjf\github\MCU805IDE_win\build\icons\flag\Ecuador.png
   Compressing: C:\tjf\github\MCU805IDE_win\build\icons\flag\Egypt.png
   Compressing: C:\tjf\github\MCU805IDE_win\build\icons\flag\El_Salvador.png
   Compressing: C:\tjf\github\MCU805IDE_win\build\icons\flag\empty.png
   Compressing: C:\tjf\github\MCU805IDE_win\build\icons\flag\Equatorial_Guinea.png
   Compressing: C:\tjf\github\MCU805IDE_win\build\icons\flag\Eritrea.png
   Compressing: C:\tjf\github\MCU805IDE_win\build\icons\flag\Estonia.png
   Compressing: C:\tjf\github\MCU805IDE_win\build\icons\flag\Ethiopia.png
   Compressing: C:\tjf\github\MCU805IDE_win\build\icons\flag\Falkland_Islands.png
   Compressing: C:\tjf\github\MCU805IDE_win\build\icons\flag\Faroe_Islands.png
   Compressing: C:\tjf\github\MCU805IDE_win\build\icons\flag\Fiji.png
   Compressing: C:\tjf\github\MCU805IDE_win\build\icons\flag\Finland.png
   Compressing: C:\tjf\github\MCU805IDE_win\build\icons\flag\France.png
   Compressing: C:\tjf\github\MCU805IDE_win\build\icons\flag\French_Polynesia.png
   Compressing: C:\tjf\github\MCU805IDE_win\build\icons\flag\Gabon.png
   Compressing: C:\tjf\github\MCU805IDE_win\build\icons\flag\Gambia.png
   Compressing: C:\tjf\github\MCU805IDE_win\build\icons\flag\Georgia.png
   Compressing: C:\tjf\github\MCU805IDE_win\build\icons\flag\Germany.png
   Compressing: C:\tjf\github\MCU805IDE_win\build\icons\flag\Ghana.png
   Compressing: C:\tjf\github\MCU805IDE_win\build\icons\flag\Gibraltar.png
   Compressing: C:\tjf\github\MCU805IDE_win\build\icons\flag\Greece.png
   Compressing: C:\tjf\github\MCU805IDE_win\build\icons\flag\Greenland.png
   Compressing: C:\tjf\github\MCU805IDE_win\build\icons\flag\Grenada.png
   Compressing: C:\tjf\github\MCU805IDE_win\build\icons\flag\Guam.png
   Compressing: C:\tjf\github\MCU805IDE_win\build\icons\flag\Guatemala.png
   Compressing: C:\tjf\github\MCU805IDE_win\build\icons\flag\Guinea.png
   Compressing: C:\tjf\github\MCU805IDE_win\build\icons\flag\Guinea_Bissau.png
   Compressing: C:\tjf\github\MCU805IDE_win\build\icons\flag\Guyana.png
   Compressing: C:\tjf\github\MCU805IDE_win\build\icons\flag\Haiti.png
   Compressing: C:\tjf\github\MCU805IDE_win\build\icons\flag\Honduras.png
   Compressing: C:\tjf\github\MCU805IDE_win\build\icons\flag\Hong_Kong.png
   Compressing: C:\tjf\github\MCU805IDE_win\build\icons\flag\Hungary.png
   Compressing: C:\tjf\github\MCU805IDE_win\build\icons\flag\Iceland.png
   Compressing: C:\tjf\github\MCU805IDE_win\build\icons\flag\India.png
   Compressing: C:\tjf\github\MCU805IDE_win\build\icons\flag\Indonesia.png
   Compressing: C:\tjf\github\MCU805IDE_win\build\icons\flag\Iran.png
   Compressing: C:\tjf\github\MCU805IDE_win\build\icons\flag\Iraq.png
   Compressing: C:\tjf\github\MCU805IDE_win\build\icons\flag\Ireland.png
   Compressing: C:\tjf\github\MCU805IDE_win\build\icons\flag\Israel.png
   Compressing: C:\tjf\github\MCU805IDE_win\build\icons\flag\Italy.png
   Compressing: C:\tjf\github\MCU805IDE_win\build\icons\flag\Jamaica.png
   Compressing: C:\tjf\github\MCU805IDE_win\build\icons\flag\Japan.png
   Compressing: C:\tjf\github\MCU805IDE_win\build\icons\flag\Jordan.png
   Compressing: C:\tjf\github\MCU805IDE_win\build\icons\flag\Kazakhstan.png
   Compressing: C:\tjf\github\MCU805IDE_win\build\icons\flag\Kenya.png
   Compressing: C:\tjf\github\MCU805IDE_win\build\icons\flag\Kiribati.png
   Compressing: C:\tjf\github\MCU805IDE_win\build\icons\flag\Kuwait.png
   Compressing: C:\tjf\github\MCU805IDE_win\build\icons\flag\Kyrgyzstan.png
   Compressing: C:\tjf\github\MCU805IDE_win\build\icons\flag\Laos.png
   Compressing: C:\tjf\github\MCU805IDE_win\build\icons\flag\Latvia.png
   Compressing: C:\tjf\github\MCU805IDE_win\build\icons\flag\Lebanon.png
   Compressing: C:\tjf\github\MCU805IDE_win\build\icons\flag\Lesotho.png
   Compressing: C:\tjf\github\MCU805IDE_win\build\icons\flag\Liberia.png
   Compressing: C:\tjf\github\MCU805IDE_win\build\icons\flag\Libya.png
   Compressing: C:\tjf\github\MCU805IDE_win\build\icons\flag\Liechtenstein.png
   Compressing: C:\tjf\github\MCU805IDE_win\build\icons\flag\Lithuania.png
   Compressing: C:\tjf\github\MCU805IDE_win\build\icons\flag\Luxembourg.png
   Compressing: C:\tjf\github\MCU805IDE_win\build\icons\flag\Macao.png
   Compressing: C:\tjf\github\MCU805IDE_win\build\icons\flag\Macedonia.png
   Compressing: C:\tjf\github\MCU805IDE_win\build\icons\flag\Madagascar.png
   Compressing: C:\tjf\github\MCU805IDE_win\build\icons\flag\Malawi.png
   Compressing: C:\tjf\github\MCU805IDE_win\build\icons\flag\Malaysia.png
   Compressing: C:\tjf\github\MCU805IDE_win\build\icons\flag\Maldives.png
   Compressing: C:\tjf\github\MCU805IDE_win\build\icons\flag\Mali.png
   Compressing: C:\tjf\github\MCU805IDE_win\build\icons\flag\Malta.png
   Compressing: C:\tjf\github\MCU805IDE_win\build\icons\flag\Marshall_Islands.png
   Compressing: C:\tjf\github\MCU805IDE_win\build\icons\flag\Martinique.png
   Compressing: C:\tjf\github\MCU805IDE_win\build\icons\flag\Mauritania.png
   Compressing: C:\tjf\github\MCU805IDE_win\build\icons\flag\Mauritius.png
   Compressing: C:\tjf\github\MCU805IDE_win\build\icons\flag\Mexico.png
   Compressing: C:\tjf\github\MCU805IDE_win\build\icons\flag\Micronesia.png
   Compressing: C:\tjf\github\MCU805IDE_win\build\icons\flag\Moldova.png
   Compressing: C:\tjf\github\MCU805IDE_win\build\icons\flag\Monaco.png
   Compressing: C:\tjf\github\MCU805IDE_win\build\icons\flag\Mongolia.png
   Compressing: C:\tjf\github\MCU805IDE_win\build\icons\flag\Montserrat.png
   Compressing: C:\tjf\github\MCU805IDE_win\build\icons\flag\Morocco.png
   Compressing: C:\tjf\github\MCU805IDE_win\build\icons\flag\Mozambique.png
   Compressing: C:\tjf\github\MCU805IDE_win\build\icons\flag\Myanmar.png
   Compressing: C:\tjf\github\MCU805IDE_win\build\icons\flag\Namibia.png
   Compressing: C:\tjf\github\MCU805IDE_win\build\icons\flag\Nauru.png
   Compressing: C:\tjf\github\MCU805IDE_win\build\icons\flag\Nepal.png
   Compressing: C:\tjf\github\MCU805IDE_win\build\icons\flag\Netherlands.png
   Compressing: C:\tjf\github\MCU805IDE_win\build\icons\flag\Netherlands_Antilles.png
   Compressing: C:\tjf\github\MCU805IDE_win\build\icons\flag\New_Zealand.png
   Compressing: C:\tjf\github\MCU805IDE_win\build\icons\flag\Nicaragua.png
   Compressing: C:\tjf\github\MCU805IDE_win\build\icons\flag\Niger.png
   Compressing: C:\tjf\github\MCU805IDE_win\build\icons\flag\Nigeria.png
   Compressing: C:\tjf\github\MCU805IDE_win\build\icons\flag\Niue.png
   Compressing: C:\tjf\github\MCU805IDE_win\build\icons\flag\Norfolk_Island.png
   Compressing: C:\tjf\github\MCU805IDE_win\build\icons\flag\North_Korea.png
   Compressing: C:\tjf\github\MCU805IDE_win\build\icons\flag\Norway.png
   Compressing: C:\tjf\github\MCU805IDE_win\build\icons\flag\Oman.png
   Compressing: C:\tjf\github\MCU805IDE_win\build\icons\flag\Pakistan.png
   Compressing: C:\tjf\github\MCU805IDE_win\build\icons\flag\Palau.png
   Compressing: C:\tjf\github\MCU805IDE_win\build\icons\flag\Panama.png
   Compressing: C:\tjf\github\MCU805IDE_win\build\icons\flag\Papua_New_Guinea.png
   Compressing: C:\tjf\github\MCU805IDE_win\build\icons\flag\Paraguay.png
   Compressing: C:\tjf\github\MCU805IDE_win\build\icons\flag\Peru.png
   Compressing: C:\tjf\github\MCU805IDE_win\build\icons\flag\Philippines.png
   Compressing: C:\tjf\github\MCU805IDE_win\build\icons\flag\Pitcairn_Islands.png
   Compressing: C:\tjf\github\MCU805IDE_win\build\icons\flag\Poland.png
   Compressing: C:\tjf\github\MCU805IDE_win\build\icons\flag\Portugal.png
   Compressing: C:\tjf\github\MCU805IDE_win\build\icons\flag\Puerto_Rico.png
   Compressing: C:\tjf\github\MCU805IDE_win\build\icons\flag\Qatar.png
   Compressing: C:\tjf\github\MCU805IDE_win\build\icons\flag\Republic_of_the_Congo.png
   Compressing: C:\tjf\github\MCU805IDE_win\build\icons\flag\Romania.png
   Compressing: C:\tjf\github\MCU805IDE_win\build\icons\flag\Russian_Federation.png
   Compressing: C:\tjf\github\MCU805IDE_win\build\icons\flag\Rwanda.png
   Compressing: C:\tjf\github\MCU805IDE_win\build\icons\flag\Saint_Kitts_and_Nevis.png
   Compressing: C:\tjf\github\MCU805IDE_win\build\icons\flag\Saint_Lucia.png
   Compressing: C:\tjf\github\MCU805IDE_win\build\icons\flag\Saint_Pierre.png
   Compressing: C:\tjf\github\MCU805IDE_win\build\icons\flag\Saint_Vicent_and_the_Grenadines.png
   Compressing: C:\tjf\github\MCU805IDE_win\build\icons\flag\Samoa.png
   Compressing: C:\tjf\github\MCU805IDE_win\build\icons\flag\San_Marino.png
   Compressing: C:\tjf\github\MCU805IDE_win\build\icons\flag\Sao_Tome_and_Principe.png
   Compressing: C:\tjf\github\MCU805IDE_win\build\icons\flag\Saudi_Arabia.png
   Compressing: C:\tjf\github\MCU805IDE_win\build\icons\flag\Senegal.png
   Compressing: C:\tjf\github\MCU805IDE_win\build\icons\flag\Seychelles.png
   Compressing: C:\tjf\github\MCU805IDE_win\build\icons\flag\Sierra_Leone.png
   Compressing: C:\tjf\github\MCU805IDE_win\build\icons\flag\Singapore.png
   Compressing: C:\tjf\github\MCU805IDE_win\build\icons\flag\Slovakia.png
   Compressing: C:\tjf\github\MCU805IDE_win\build\icons\flag\Slovenia.png
   Compressing: C:\tjf\github\MCU805IDE_win\build\icons\flag\Soloman_Islands.png
   Compressing: C:\tjf\github\MCU805IDE_win\build\icons\flag\Somalia.png
   Compressing: C:\tjf\github\MCU805IDE_win\build\icons\flag\South_Africa.png
   Compressing: C:\tjf\github\MCU805IDE_win\build\icons\flag\South_Georgia.png
   Compressing: C:\tjf\github\MCU805IDE_win\build\icons\flag\South_Korea.png
   Compressing: C:\tjf\github\MCU805IDE_win\build\icons\flag\Spain.png
   Compressing: C:\tjf\github\MCU805IDE_win\build\icons\flag\Sri_Lanka.png
   Compressing: C:\tjf\github\MCU805IDE_win\build\icons\flag\Sudan.png
   Compressing: C:\tjf\github\MCU805IDE_win\build\icons\flag\Suriname.png
   Compressing: C:\tjf\github\MCU805IDE_win\build\icons\flag\Swaziland.png
   Compressing: C:\tjf\github\MCU805IDE_win\build\icons\flag\Sweden.png
   Compressing: C:\tjf\github\MCU805IDE_win\build\icons\flag\Switzerland.png
   Compressing: C:\tjf\github\MCU805IDE_win\build\icons\flag\Syria.png
   Compressing: C:\tjf\github\MCU805IDE_win\build\icons\flag\Taiwan.png
   Compressing: C:\tjf\github\MCU805IDE_win\build\icons\flag\Tajikistan.png
   Compressing: C:\tjf\github\MCU805IDE_win\build\icons\flag\Tanzania.png
   Compressing: C:\tjf\github\MCU805IDE_win\build\icons\flag\Thailand.png
   Compressing: C:\tjf\github\MCU805IDE_win\build\icons\flag\Timor-Leste.png
   Compressing: C:\tjf\github\MCU805IDE_win\build\icons\flag\Togo.png
   Compressing: C:\tjf\github\MCU805IDE_win\build\icons\flag\Tonga.png
   Compressing: C:\tjf\github\MCU805IDE_win\build\icons\flag\Trinidad_and_Tobago.png
   Compressing: C:\tjf\github\MCU805IDE_win\build\icons\flag\Tunisia.png
   Compressing: C:\tjf\github\MCU805IDE_win\build\icons\flag\Turkey.png
   Compressing: C:\tjf\github\MCU805IDE_win\build\icons\flag\Turkmenistan.png
   Compressing: C:\tjf\github\MCU805IDE_win\build\icons\flag\Turks_and_Caicos_Islands.png
   Compressing: C:\tjf\github\MCU805IDE_win\build\icons\flag\Tuvalu.png
   Compressing: C:\tjf\github\MCU805IDE_win\build\icons\flag\UAE.png
   Compressing: C:\tjf\github\MCU805IDE_win\build\icons\flag\Uganda.png
   Compressing: C:\tjf\github\MCU805IDE_win\build\icons\flag\Ukraine.png
   Compressing: C:\tjf\github\MCU805IDE_win\build\icons\flag\United_Kingdom.png
   Compressing: C:\tjf\github\MCU805IDE_win\build\icons\flag\United_States_of_America.png
   Compressing: C:\tjf\github\MCU805IDE_win\build\icons\flag\Uruguay.png
   Compressing: C:\tjf\github\MCU805IDE_win\build\icons\flag\US_Virgin_Islands.png
   Compressing: C:\tjf\github\MCU805IDE_win\build\icons\flag\Uzbekistan.png
   Compressing: C:\tjf\github\MCU805IDE_win\build\icons\flag\Vanuatu.png
   Compressing: C:\tjf\github\MCU805IDE_win\build\icons\flag\Vatican_City.png
   Compressing: C:\tjf\github\MCU805IDE_win\build\icons\flag\Venezuela.png
   Compressing: C:\tjf\github\MCU805IDE_win\build\icons\flag\Vietnam.png
   Compressing: C:\tjf\github\MCU805IDE_win\build\icons\flag\Wallis_and_Futuna.png
   Compressing: C:\tjf\github\MCU805IDE_win\build\icons\flag\Yemen.png
   Compressing: C:\tjf\github\MCU805IDE_win\build\icons\flag\Zambia.png
   Compressing: C:\tjf\github\MCU805IDE_win\build\icons\flag\Zimbabwe.png
   Compressing: C:\tjf\github\MCU805IDE_win\build\icons\mcu\8031.png
   Compressing: C:\tjf\github\MCU805IDE_win\build\icons\mcu\8032.png
   Compressing: C:\tjf\github\MCU805IDE_win\build\icons\mcu\8051.png
   Compressing: C:\tjf\github\MCU805IDE_win\build\icons\mcu\8052.png
   Compressing: C:\tjf\github\MCU805IDE_win\build\icons\mcu\80C31.png
   Compressing: C:\tjf\github\MCU805IDE_win\build\icons\mcu\80C31X2.png
   Compressing: C:\tjf\github\MCU805IDE_win\build\icons\mcu\80C32.png
   Compressing: C:\tjf\github\MCU805IDE_win\build\icons\mcu\80C32X2.png
   Compressing: C:\tjf\github\MCU805IDE_win\build\icons\mcu\80C51.png
   Compressing: C:\tjf\github\MCU805IDE_win\build\icons\mcu\80C52.png
   Compressing: C:\tjf\github\MCU805IDE_win\build\icons\mcu\80C52X2.png
   Compressing: C:\tjf\github\MCU805IDE_win\build\icons\mcu\80C54.png
   Compressing: C:\tjf\github\MCU805IDE_win\build\icons\mcu\80C54X2.png
   Compressing: C:\tjf\github\MCU805IDE_win\build\icons\mcu\80C58.png
   Compressing: C:\tjf\github\MCU805IDE_win\build\icons\mcu\80C58X2.png
   Compressing: C:\tjf\github\MCU805IDE_win\build\icons\mcu\8731.png
   Compressing: C:\tjf\github\MCU805IDE_win\build\icons\mcu\8751.png
   Compressing: C:\tjf\github\MCU805IDE_win\build\icons\mcu\8752.png
   Compressing: C:\tjf\github\MCU805IDE_win\build\icons\mcu\87C51.png
   Compressing: C:\tjf\github\MCU805IDE_win\build\icons\mcu\87C52.png
   Compressing: C:\tjf\github\MCU805IDE_win\build\icons\mcu\87C52X2.png
   Compressing: C:\tjf\github\MCU805IDE_win\build\icons\mcu\87C54.png
   Compressing: C:\tjf\github\MCU805IDE_win\build\icons\mcu\87C54X2.png
   Compressing: C:\tjf\github\MCU805IDE_win\build\icons\mcu\87C58.png
   Compressing: C:\tjf\github\MCU805IDE_win\build\icons\mcu\87C58X2.png
   Compressing: C:\tjf\github\MCU805IDE_win\build\icons\mcu\AT80C31X2.png
   Compressing: C:\tjf\github\MCU805IDE_win\build\icons\mcu\AT80C32X2.png
   Compressing: C:\tjf\github\MCU805IDE_win\build\icons\mcu\AT80C52X2.png
   Compressing: C:\tjf\github\MCU805IDE_win\build\icons\mcu\AT80C54X2.png
   Compressing: C:\tjf\github\MCU805IDE_win\build\icons\mcu\AT80C58X2.png
   Compressing: C:\tjf\github\MCU805IDE_win\build\icons\mcu\AT87C52X2.png
   Compressing: C:\tjf\github\MCU805IDE_win\build\icons\mcu\AT87C54X2.png
   Compressing: C:\tjf\github\MCU805IDE_win\build\icons\mcu\AT87C58X2.png
   Compressing: C:\tjf\github\MCU805IDE_win\build\icons\mcu\AT89C2051.png
   Compressing: C:\tjf\github\MCU805IDE_win\build\icons\mcu\AT89C4051.png
   Compressing: C:\tjf\github\MCU805IDE_win\build\icons\mcu\AT89C51.png
   Compressing: C:\tjf\github\MCU805IDE_win\build\icons\mcu\AT89C51RC.png
   Compressing: C:\tjf\github\MCU805IDE_win\build\icons\mcu\AT89C52.png
   Compressing: C:\tjf\github\MCU805IDE_win\build\icons\mcu\AT89C55WD.png
   Compressing: C:\tjf\github\MCU805IDE_win\build\icons\mcu\AT89LP2052.png
   Compressing: C:\tjf\github\MCU805IDE_win\build\icons\mcu\AT89LS51.png
   Compressing: C:\tjf\github\MCU805IDE_win\build\icons\mcu\AT89LS52.png
   Compressing: C:\tjf\github\MCU805IDE_win\build\icons\mcu\AT89LV51.png
   Compressing: C:\tjf\github\MCU805IDE_win\build\icons\mcu\AT89LV52.png
   Compressing: C:\tjf\github\MCU805IDE_win\build\icons\mcu\AT89LV55.png
   Compressing: C:\tjf\github\MCU805IDE_win\build\icons\mcu\AT89S2051.png
   Compressing: C:\tjf\github\MCU805IDE_win\build\icons\mcu\AT89S4051.png
   Compressing: C:\tjf\github\MCU805IDE_win\build\icons\mcu\AT89S51.png
   Compressing: C:\tjf\github\MCU805IDE_win\build\icons\mcu\AT89S52.png
   Compressing: C:\tjf\github\MCU805IDE_win\build\icons\mcu\AT89S8253.png
   Compressing: C:\tjf\github\MCU805IDE_win\build\icons\mcu\T83C5101.png
   Compressing: C:\tjf\github\MCU805IDE_win\build\icons\mcu\T83C5102.png
   Compressing: C:\tjf\github\MCU805IDE_win\build\icons\mcu\T87C5101.png
   Compressing: C:\tjf\github\MCU805IDE_win\build\icons\mcu\TS80C31X2.png
   Compressing: C:\tjf\github\MCU805IDE_win\build\icons\mcu\TS80C32X2.png
   Compressing: C:\tjf\github\MCU805IDE_win\build\icons\mcu\TS80C52X2.png
   Compressing: C:\tjf\github\MCU805IDE_win\build\icons\mcu\TS80C54X2.png
   Compressing: C:\tjf\github\MCU805IDE_win\build\icons\mcu\TS80C58X2.png
   Compressing: C:\tjf\github\MCU805IDE_win\build\icons\mcu\TS87C52X2.png
   Compressing: C:\tjf\github\MCU805IDE_win\build\icons\mcu\TS87C54X2.png
   Compressing: C:\tjf\github\MCU805IDE_win\build\icons\mcu\TS87C58X2.png
   Compressing: C:\tjf\github\MCU805IDE_win\build\icons\other\choff.png
   Compressing: C:\tjf\github\MCU805IDE_win\build\icons\other\chon.png
   Compressing: C:\tjf\github\MCU805IDE_win\build\icons\other\ibrg_brg.png
   Compressing: C:\tjf\github\MCU805IDE_win\build\icons\other\math0.png
   Compressing: C:\tjf\github\MCU805IDE_win\build\icons\other\Moravia_Microsystems.png
   Compressing: C:\tjf\github\MCU805IDE_win\build\icons\other\raoff.png
   Compressing: C:\tjf\github\MCU805IDE_win\build\icons\other\raon.png
   Compressing: C:\tjf\github\MCU805IDE_win\build\icons\other\splash.png
   Compressing: C:\tjf\github\MCU805IDE_win\build\icons\other\timer2_updown.png
   Compressing: C:\tjf\github\MCU805IDE_win\build\icons\other\timer_01_0.png
   Compressing: C:\tjf\github\MCU805IDE_win\build\icons\other\timer_01_0e.png
   Compressing: C:\tjf\github\MCU805IDE_win\build\icons\other\timer_01_1.png
   Compressing: C:\tjf\github\MCU805IDE_win\build\icons\other\timer_01_1e.png
   Compressing: C:\tjf\github\MCU805IDE_win\build\icons\other\timer_01_2.png
   Compressing: C:\tjf\github\MCU805IDE_win\build\icons\other\timer_01_2e.png
   Compressing: C:\tjf\github\MCU805IDE_win\build\icons\other\timer_brg.png
   Compressing: C:\tjf\github\MCU805IDE_win\build\libraries\bwidget\arrow.tcl
   Compressing: C:\tjf\github\MCU805IDE_win\build\libraries\bwidget\bitmap.tcl
   Compressing: C:\tjf\github\MCU805IDE_win\build\libraries\bwidget\button.tcl
   Compressing: C:\tjf\github\MCU805IDE_win\build\libraries\bwidget\buttonbox.tcl
   Compressing: C:\tjf\github\MCU805IDE_win\build\libraries\bwidget\ChangeLog
   Compressing: C:\tjf\github\MCU805IDE_win\build\libraries\bwidget\CHANGES.txt
   Compressing: C:\tjf\github\MCU805IDE_win\build\libraries\bwidget\color.tcl
   Compressing: C:\tjf\github\MCU805IDE_win\build\libraries\bwidget\combobox.tcl
   Compressing: C:\tjf\github\MCU805IDE_win\build\libraries\bwidget\dialog.tcl
   Compressing: C:\tjf\github\MCU805IDE_win\build\libraries\bwidget\dragsite.tcl
   Compressing: C:\tjf\github\MCU805IDE_win\build\libraries\bwidget\dropsite.tcl
   Compressing: C:\tjf\github\MCU805IDE_win\build\libraries\bwidget\dynhelp.tcl
   Compressing: C:\tjf\github\MCU805IDE_win\build\libraries\bwidget\entry.tcl
   Compressing: C:\tjf\github\MCU805IDE_win\build\libraries\bwidget\font.tcl
   Compressing: C:\tjf\github\MCU805IDE_win\build\libraries\bwidget\init.tcl
   Compressing: C:\tjf\github\MCU805IDE_win\build\libraries\bwidget\label.tcl
   Compressing: C:\tjf\github\MCU805IDE_win\build\libraries\bwidget\labelentry.tcl
   Compressing: C:\tjf\github\MCU805IDE_win\build\libraries\bwidget\labelframe.tcl
   Compressing: C:\tjf\github\MCU805IDE_win\build\libraries\bwidget\LICENSE.txt
   Compressing: C:\tjf\github\MCU805IDE_win\build\libraries\bwidget\listbox.tcl
   Compressing: C:\tjf\github\MCU805IDE_win\build\libraries\bwidget\mainframe.tcl
   Compressing: C:\tjf\github\MCU805IDE_win\build\libraries\bwidget\messagedlg.tcl
   Compressing: C:\tjf\github\MCU805IDE_win\build\libraries\bwidget\notebook.tcl
   Compressing: C:\tjf\github\MCU805IDE_win\build\libraries\bwidget\pagesmgr.tcl
   Compressing: C:\tjf\github\MCU805IDE_win\build\libraries\bwidget\panedw.tcl
   Compressing: C:\tjf\github\MCU805IDE_win\build\libraries\bwidget\panelframe.tcl
   Compressing: C:\tjf\github\MCU805IDE_win\build\libraries\bwidget\passwddlg.tcl
   Compressing: C:\tjf\github\MCU805IDE_win\build\libraries\bwidget\pkgIndex.tcl
   Compressing: C:\tjf\github\MCU805IDE_win\build\libraries\bwidget\progressbar.tcl
   Compressing: C:\tjf\github\MCU805IDE_win\build\libraries\bwidget\progressdlg.tcl
   Compressing: C:\tjf\github\MCU805IDE_win\build\libraries\bwidget\README.txt
   Compressing: C:\tjf\github\MCU805IDE_win\build\libraries\bwidget\scrollframe.tcl
   Compressing: C:\tjf\github\MCU805IDE_win\build\libraries\bwidget\scrollview.tcl
   Compressing: C:\tjf\github\MCU805IDE_win\build\libraries\bwidget\scrollw.tcl
   Compressing: C:\tjf\github\MCU805IDE_win\build\libraries\bwidget\separator.tcl
   Compressing: C:\tjf\github\MCU805IDE_win\build\libraries\bwidget\spinbox.tcl
   Compressing: C:\tjf\github\MCU805IDE_win\build\libraries\bwidget\statusbar.tcl
   Compressing: C:\tjf\github\MCU805IDE_win\build\libraries\bwidget\titleframe.tcl
   Compressing: C:\tjf\github\MCU805IDE_win\build\libraries\bwidget\tree.tcl
   Compressing: C:\tjf\github\MCU805IDE_win\build\libraries\bwidget\utils.tcl
   Compressing: C:\tjf\github\MCU805IDE_win\build\libraries\bwidget\widget.tcl
   Compressing: C:\tjf\github\MCU805IDE_win\build\libraries\bwidget\wizard.tcl
   Compressing: C:\tjf\github\MCU805IDE_win\build\libraries\bwidget\xpm2image.tcl
   Compressing: C:\tjf\github\MCU805IDE_win\build\libraries\bwidget\BWman\ArrowButton.html
   Compressing: C:\tjf\github\MCU805IDE_win\build\libraries\bwidget\BWman\Button.html
   Compressing: C:\tjf\github\MCU805IDE_win\build\libraries\bwidget\BWman\ButtonBox.html
   Compressing: C:\tjf\github\MCU805IDE_win\build\libraries\bwidget\BWman\BWidget.html
   Compressing: C:\tjf\github\MCU805IDE_win\build\libraries\bwidget\BWman\ComboBox.html
   Compressing: C:\tjf\github\MCU805IDE_win\build\libraries\bwidget\BWman\contents.html
   Compressing: C:\tjf\github\MCU805IDE_win\build\libraries\bwidget\BWman\Dialog.html
   Compressing: C:\tjf\github\MCU805IDE_win\build\libraries\bwidget\BWman\DragSite.html
   Compressing: C:\tjf\github\MCU805IDE_win\build\libraries\bwidget\BWman\DropSite.html
   Compressing: C:\tjf\github\MCU805IDE_win\build\libraries\bwidget\BWman\DynamicHelp.html
   Compressing: C:\tjf\github\MCU805IDE_win\build\libraries\bwidget\BWman\Entry.html
   Compressing: C:\tjf\github\MCU805IDE_win\build\libraries\bwidget\BWman\index.html
   Compressing: C:\tjf\github\MCU805IDE_win\build\libraries\bwidget\BWman\Label.html
   Compressing: C:\tjf\github\MCU805IDE_win\build\libraries\bwidget\BWman\LabelEntry.html
   Compressing: C:\tjf\github\MCU805IDE_win\build\libraries\bwidget\BWman\LabelFrame.html
   Compressing: C:\tjf\github\MCU805IDE_win\build\libraries\bwidget\BWman\ListBox.html
   Compressing: C:\tjf\github\MCU805IDE_win\build\libraries\bwidget\BWman\MainFrame.html
   Compressing: C:\tjf\github\MCU805IDE_win\build\libraries\bwidget\BWman\MessageDlg.html
   Compressing: C:\tjf\github\MCU805IDE_win\build\libraries\bwidget\BWman\navtree.html
   Compressing: C:\tjf\github\MCU805IDE_win\build\libraries\bwidget\BWman\NoteBook.html
   Compressing: C:\tjf\github\MCU805IDE_win\build\libraries\bwidget\BWman\options.htm
   Compressing: C:\tjf\github\MCU805IDE_win\build\libraries\bwidget\BWman\PagesManager.html
   Compressing: C:\tjf\github\MCU805IDE_win\build\libraries\bwidget\BWman\PanedWindow.html
   Compressing: C:\tjf\github\MCU805IDE_win\build\libraries\bwidget\BWman\PanelFrame.html
   Compressing: C:\tjf\github\MCU805IDE_win\build\libraries\bwidget\BWman\PasswdDlg.html
   Compressing: C:\tjf\github\MCU805IDE_win\build\libraries\bwidget\BWman\ProgressBar.html
   Compressing: C:\tjf\github\MCU805IDE_win\build\libraries\bwidget\BWman\ProgressDlg.html
   Compressing: C:\tjf\github\MCU805IDE_win\build\libraries\bwidget\BWman\ScrollableFrame.html
   Compressing: C:\tjf\github\MCU805IDE_win\build\libraries\bwidget\BWman\ScrolledWindow.html
   Compressing: C:\tjf\github\MCU805IDE_win\build\libraries\bwidget\BWman\ScrollView.html
   Compressing: C:\tjf\github\MCU805IDE_win\build\libraries\bwidget\BWman\SelectColor.html
   Compressing: C:\tjf\github\MCU805IDE_win\build\libraries\bwidget\BWman\SelectFont.html
   Compressing: C:\tjf\github\MCU805IDE_win\build\libraries\bwidget\BWman\Separator.html
   Compressing: C:\tjf\github\MCU805IDE_win\build\libraries\bwidget\BWman\SpinBox.html
   Compressing: C:\tjf\github\MCU805IDE_win\build\libraries\bwidget\BWman\StatusBar.html
   Compressing: C:\tjf\github\MCU805IDE_win\build\libraries\bwidget\BWman\TitleFrame.html
   Compressing: C:\tjf\github\MCU805IDE_win\build\libraries\bwidget\BWman\Tree.html
   Compressing: C:\tjf\github\MCU805IDE_win\build\libraries\bwidget\BWman\Widget.html
   Compressing: C:\tjf\github\MCU805IDE_win\build\libraries\bwidget\demo\basic.tcl
   Compressing: C:\tjf\github\MCU805IDE_win\build\libraries\bwidget\demo\bwidget.xbm
   Compressing: C:\tjf\github\MCU805IDE_win\build\libraries\bwidget\demo\demo.tcl
   Compressing: C:\tjf\github\MCU805IDE_win\build\libraries\bwidget\demo\dnd.tcl
   Compressing: C:\tjf\github\MCU805IDE_win\build\libraries\bwidget\demo\manager.tcl
   Compressing: C:\tjf\github\MCU805IDE_win\build\libraries\bwidget\demo\select.tcl
   Compressing: C:\tjf\github\MCU805IDE_win\build\libraries\bwidget\demo\tmpldlg.tcl
   Compressing: C:\tjf\github\MCU805IDE_win\build\libraries\bwidget\demo\tree.tcl
   Compressing: C:\tjf\github\MCU805IDE_win\build\libraries\bwidget\demo\x1.xbm
   Compressing: C:\tjf\github\MCU805IDE_win\build\libraries\bwidget\images\bold.gif
   Compressing: C:\tjf\github\MCU805IDE_win\build\libraries\bwidget\images\copy.gif
   Compressing: C:\tjf\github\MCU805IDE_win\build\libraries\bwidget\images\cut.gif
   Compressing: C:\tjf\github\MCU805IDE_win\build\libraries\bwidget\images\dragfile.gif
   Compressing: C:\tjf\github\MCU805IDE_win\build\libraries\bwidget\images\dragicon.gif
   Compressing: C:\tjf\github\MCU805IDE_win\build\libraries\bwidget\images\error.gif
   Compressing: C:\tjf\github\MCU805IDE_win\build\libraries\bwidget\images\file.gif
   Compressing: C:\tjf\github\MCU805IDE_win\build\libraries\bwidget\images\folder.gif
   Compressing: C:\tjf\github\MCU805IDE_win\build\libraries\bwidget\images\hourglass.gif
   Compressing: C:\tjf\github\MCU805IDE_win\build\libraries\bwidget\images\info.gif
   Compressing: C:\tjf\github\MCU805IDE_win\build\libraries\bwidget\images\italic.gif
   Compressing: C:\tjf\github\MCU805IDE_win\build\libraries\bwidget\images\minus.xbm
   Compressing: C:\tjf\github\MCU805IDE_win\build\libraries\bwidget\images\new.gif
   Compressing: C:\tjf\github\MCU805IDE_win\build\libraries\bwidget\images\opcopy.xbm
   Compressing: C:\tjf\github\MCU805IDE_win\build\libraries\bwidget\images\open.gif
   Compressing: C:\tjf\github\MCU805IDE_win\build\libraries\bwidget\images\openfold.gif
   Compressing: C:\tjf\github\MCU805IDE_win\build\libraries\bwidget\images\oplink.xbm
   Compressing: C:\tjf\github\MCU805IDE_win\build\libraries\bwidget\images\opmove.xbm
   Compressing: C:\tjf\github\MCU805IDE_win\build\libraries\bwidget\images\overstrike.gif
   Compressing: C:\tjf\github\MCU805IDE_win\build\libraries\bwidget\images\palette.gif
   Compressing: C:\tjf\github\MCU805IDE_win\build\libraries\bwidget\images\passwd.gif
   Compressing: C:\tjf\github\MCU805IDE_win\build\libraries\bwidget\images\paste.gif
   Compressing: C:\tjf\github\MCU805IDE_win\build\libraries\bwidget\images\plus.xbm
   Compressing: C:\tjf\github\MCU805IDE_win\build\libraries\bwidget\images\print.gif
   Compressing: C:\tjf\github\MCU805IDE_win\build\libraries\bwidget\images\question.gif
   Compressing: C:\tjf\github\MCU805IDE_win\build\libraries\bwidget\images\redo.gif
   Compressing: C:\tjf\github\MCU805IDE_win\build\libraries\bwidget\images\save.gif
   Compressing: C:\tjf\github\MCU805IDE_win\build\libraries\bwidget\images\target.xbm
   Compressing: C:\tjf\github\MCU805IDE_win\build\libraries\bwidget\images\underline.gif
   Compressing: C:\tjf\github\MCU805IDE_win\build\libraries\bwidget\images\undo.gif
   Compressing: C:\tjf\github\MCU805IDE_win\build\libraries\bwidget\images\warning.gif
   Compressing: C:\tjf\github\MCU805IDE_win\build\libraries\bwidget\lang\da.rc
   Compressing: C:\tjf\github\MCU805IDE_win\build\libraries\bwidget\lang\de.rc
   Compressing: C:\tjf\github\MCU805IDE_win\build\libraries\bwidget\lang\en.rc
   Compressing: C:\tjf\github\MCU805IDE_win\build\libraries\bwidget\lang\es.rc
   Compressing: C:\tjf\github\MCU805IDE_win\build\libraries\bwidget\lang\fr.rc
   Compressing: C:\tjf\github\MCU805IDE_win\build\libraries\bwidget\lang\hu.rc
   Compressing: C:\tjf\github\MCU805IDE_win\build\libraries\bwidget\lang\nl.rc
   Compressing: C:\tjf\github\MCU805IDE_win\build\libraries\bwidget\lang\no.rc
   Compressing: C:\tjf\github\MCU805IDE_win\build\libraries\bwidget\lang\pl.rc
   Compressing: C:\tjf\github\MCU805IDE_win\build\libraries\bwidget\tests\entry.test
   Compressing: C:\tjf\github\MCU805IDE_win\build\libraries\img_png\jpegtcl950.dll
   Compressing: C:\tjf\github\MCU805IDE_win\build\libraries\img_png\pkgIndex.tcl
   Compressing: C:\tjf\github\MCU805IDE_win\build\libraries\img_png\pngtcl1638.dll
   Compressing: C:\tjf\github\MCU805IDE_win\build\libraries\img_png\tifftcl440.dll
   Compressing: C:\tjf\github\MCU805IDE_win\build\libraries\img_png\tkimg1414.dll
   Compressing: C:\tjf\github\MCU805IDE_win\build\libraries\img_png\tkimgbmp1414.dll
   Compressing: C:\tjf\github\MCU805IDE_win\build\libraries\img_png\tkimgdted1414.dll
   Compressing: C:\tjf\github\MCU805IDE_win\build\libraries\img_png\tkimgflir1414.dll
   Compressing: C:\tjf\github\MCU805IDE_win\build\libraries\img_png\tkimggif1414.dll
   Compressing: C:\tjf\github\MCU805IDE_win\build\libraries\img_png\tkimgico1414.dll
   Compressing: C:\tjf\github\MCU805IDE_win\build\libraries\img_png\tkimgjpeg1414.dll
   Compressing: C:\tjf\github\MCU805IDE_win\build\libraries\img_png\tkimgpcx1414.dll
   Compressing: C:\tjf\github\MCU805IDE_win\build\libraries\img_png\tkimgpixmap1414.dll
   Compressing: C:\tjf\github\MCU805IDE_win\build\libraries\img_png\tkimgpng1414.dll
   Compressing: C:\tjf\github\MCU805IDE_win\build\libraries\img_png\tkimgppm1414.dll
   Compressing: C:\tjf\github\MCU805IDE_win\build\libraries\img_png\tkimgps1414.dll
   Compressing: C:\tjf\github\MCU805IDE_win\build\libraries\img_png\tkimgraw1414.dll
   Compressing: C:\tjf\github\MCU805IDE_win\build\libraries\img_png\tkimgsgi1414.dll
   Compressing: C:\tjf\github\MCU805IDE_win\build\libraries\img_png\tkimgsun1414.dll
   Compressing: C:\tjf\github\MCU805IDE_win\build\libraries\img_png\tkimgtga1414.dll
   Compressing: C:\tjf\github\MCU805IDE_win\build\libraries\img_png\tkimgtiff1414.dll
   Compressing: C:\tjf\github\MCU805IDE_win\build\libraries\img_png\tkimgwindow1414.dll
   Compressing: C:\tjf\github\MCU805IDE_win\build\libraries\img_png\tkimgxbm1414.dll
   Compressing: C:\tjf\github\MCU805IDE_win\build\libraries\img_png\tkimgxpm1414.dll
   Compressing: C:\tjf\github\MCU805IDE_win\build\libraries\img_png\zlibtcl1213.dll
   Compressing: C:\tjf\github\MCU805IDE_win\build\libraries\itcl\itcl.tcl
   Compressing: C:\tjf\github\MCU805IDE_win\build\libraries\itcl\itcl34.dll
   Compressing: C:\tjf\github\MCU805IDE_win\build\libraries\itcl\pkgIndex.tcl
   Compressing: C:\tjf\github\MCU805IDE_win\build\libraries\md5\md5.tcl
   Compressing: C:\tjf\github\MCU805IDE_win\build\libraries\md5\md52.0.7.tap
   Compressing: C:\tjf\github\MCU805IDE_win\build\libraries\md5\md5c.tcl
   Compressing: C:\tjf\github\MCU805IDE_win\build\libraries\md5\md5x.tcl
   Compressing: C:\tjf\github\MCU805IDE_win\build\libraries\md5\pkgIndex.tcl
   Compressing: C:\tjf\github\MCU805IDE_win\build\libraries\tclx8.4\arrayprocs.tcl
   Compressing: C:\tjf\github\MCU805IDE_win\build\libraries\tclx8.4\autoload.tcl
   Compressing: C:\tjf\github\MCU805IDE_win\build\libraries\tclx8.4\buildhelp.tcl
   Compressing: C:\tjf\github\MCU805IDE_win\build\libraries\tclx8.4\buildidx.tcl
   Compressing: C:\tjf\github\MCU805IDE_win\build\libraries\tclx8.4\compat.tcl
   Compressing: C:\tjf\github\MCU805IDE_win\build\libraries\tclx8.4\convlib.tcl
   Compressing: C:\tjf\github\MCU805IDE_win\build\libraries\tclx8.4\edprocs.tcl
   Compressing: C:\tjf\github\MCU805IDE_win\build\libraries\tclx8.4\events.tcl
   Compressing: C:\tjf\github\MCU805IDE_win\build\libraries\tclx8.4\fmath.tcl
   Compressing: C:\tjf\github\MCU805IDE_win\build\libraries\tclx8.4\forfile.tcl
   Compressing: C:\tjf\github\MCU805IDE_win\build\libraries\tclx8.4\globrecur.tcl
   Compressing: C:\tjf\github\MCU805IDE_win\build\libraries\tclx8.4\help.tcl
   Compressing: C:\tjf\github\MCU805IDE_win\build\libraries\tclx8.4\pkgIndex.tcl
   Compressing: C:\tjf\github\MCU805IDE_win\build\libraries\tclx8.4\profrep.tcl
   Compressing: C:\tjf\github\MCU805IDE_win\build\libraries\tclx8.4\pushd.tcl
   Compressing: C:\tjf\github\MCU805IDE_win\build\libraries\tclx8.4\setfuncs.tcl
   Compressing: C:\tjf\github\MCU805IDE_win\build\libraries\tclx8.4\showproc.tcl
   Compressing: C:\tjf\github\MCU805IDE_win\build\libraries\tclx8.4\stringfile.tcl
   Compressing: C:\tjf\github\MCU805IDE_win\build\libraries\tclx8.4\tcllib.tcl
   Compressing: C:\tjf\github\MCU805IDE_win\build\libraries\tclx8.4\tclx.tcl
   Compressing: C:\tjf\github\MCU805IDE_win\build\libraries\tclx8.4\tclx84.dll
   Compressing: C:\tjf\github\MCU805IDE_win\build\libraries\tdom\pkgIndex.tcl
   Compressing: C:\tjf\github\MCU805IDE_win\build\libraries\tdom\tdom.tcl
   Compressing: C:\tjf\github\MCU805IDE_win\build\libraries\tdom\tdom093.dll
   Compressing: C:\tjf\github\MCU805IDE_win\build\lib\cli.tcl
   Compressing: C:\tjf\github\MCU805IDE_win\build\lib\custom_command.tcl
   Compressing: C:\tjf\github\MCU805IDE_win\build\lib\environment.tcl
   Compressing: C:\tjf\github\MCU805IDE_win\build\lib\external_command.tcl
   Compressing: C:\tjf\github\MCU805IDE_win\build\lib\main.tcl
   Compressing: C:\tjf\github\MCU805IDE_win\build\lib\maintab.tcl
   Compressing: C:\tjf\github\MCU805IDE_win\build\lib\project.tcl
   Compressing: C:\tjf\github\MCU805IDE_win\build\lib\receive_and_print.tcl
   Compressing: C:\tjf\github\MCU805IDE_win\build\lib\X.tcl
   Compressing: C:\tjf\github\MCU805IDE_win\build\lib\bottompanel\bottomnotebook.tcl
   Compressing: C:\tjf\github\MCU805IDE_win\build\lib\bottompanel\calculator.tcl
   Compressing: C:\tjf\github\MCU805IDE_win\build\lib\bottompanel\cvarsview.tcl
   Compressing: C:\tjf\github\MCU805IDE_win\build\lib\bottompanel\find_in_files.tcl
   Compressing: C:\tjf\github\MCU805IDE_win\build\lib\bottompanel\graph.tcl
   Compressing: C:\tjf\github\MCU805IDE_win\build\lib\bottompanel\graph_wdg.tcl
   Compressing: C:\tjf\github\MCU805IDE_win\build\lib\bottompanel\messages.tcl
   Compressing: C:\tjf\github\MCU805IDE_win\build\lib\bottompanel\terminal.tcl
   Compressing: C:\tjf\github\MCU805IDE_win\build\lib\bottompanel\todo.tcl
   Compressing: C:\tjf\github\MCU805IDE_win\build\lib\compiler\assembler.tcl
   Compressing: C:\tjf\github\MCU805IDE_win\build\lib\compiler\codelisting.tcl
   Compressing: C:\tjf\github\MCU805IDE_win\build\lib\compiler\compiler.tcl
   Compressing: C:\tjf\github\MCU805IDE_win\build\lib\compiler\compilerconsts.tcl
   Compressing: C:\tjf\github\MCU805IDE_win\build\lib\compiler\disassembler.tcl
   Compressing: C:\tjf\github\MCU805IDE_win\build\lib\compiler\external_compiler.tcl
   Compressing: C:\tjf\github\MCU805IDE_win\build\lib\compiler\preprocessor.tcl
   Compressing: C:\tjf\github\MCU805IDE_win\build\lib\configdialogues\compiler_config.tcl
   Compressing: C:\tjf\github\MCU805IDE_win\build\lib\configdialogues\configdialogues.tcl
   Compressing: C:\tjf\github\MCU805IDE_win\build\lib\configdialogues\custom_commands_config.tcl
   Compressing: C:\tjf\github\MCU805IDE_win\build\lib\configdialogues\editor_config.tcl
   Compressing: C:\tjf\github\MCU805IDE_win\build\lib\configdialogues\global_config.tcl
   Compressing: C:\tjf\github\MCU805IDE_win\build\lib\configdialogues\rightpanel_config.tcl
   Compressing: C:\tjf\github\MCU805IDE_win\build\lib\configdialogues\shortcuts_config.tcl
   Compressing: C:\tjf\github\MCU805IDE_win\build\lib\configdialogues\simulator_config.tcl
   Compressing: C:\tjf\github\MCU805IDE_win\build\lib\configdialogues\terminal_config.tcl
   Compressing: C:\tjf\github\MCU805IDE_win\build\lib\configdialogues\toolbar_config.tcl
   Compressing: C:\tjf\github\MCU805IDE_win\build\lib\dialogues\errorhandler.tcl
   Compressing: C:\tjf\github\MCU805IDE_win\build\lib\dialogues\fsd.tcl
   Compressing: C:\tjf\github\MCU805IDE_win\build\lib\dialogues\my_tk_messageBox.tcl
   Compressing: C:\tjf\github\MCU805IDE_win\build\lib\dialogues\selectmcu.tcl
   Compressing: C:\tjf\github\MCU805IDE_win\build\lib\dialogues\tips.tcl
   Compressing: C:\tjf\github\MCU805IDE_win\build\lib\editor\ASMsyntaxhighlight.tcl
   Compressing: C:\tjf\github\MCU805IDE_win\build\lib\editor\autocompletion.tcl
   Compressing: C:\tjf\github\MCU805IDE_win\build\lib\editor\commandline.tcl
   Compressing: C:\tjf\github\MCU805IDE_win\build\lib\editor\Csyntaxhighlight.tcl
   Compressing: C:\tjf\github\MCU805IDE_win\build\lib\editor\editor.tcl
   Compressing: C:\tjf\github\MCU805IDE_win\build\lib\editor\eventhandlers.tcl
   Compressing: C:\tjf\github\MCU805IDE_win\build\lib\editor\exports.tcl
   Compressing: C:\tjf\github\MCU805IDE_win\build\lib\editor\generalproc.tcl
   Compressing: C:\tjf\github\MCU805IDE_win\build\lib\editor\LSTsyntaxhighlight.tcl
   Compressing: C:\tjf\github\MCU805IDE_win\build\lib\editor\R_ASMsyntaxhighlight.tcl
   Compressing: C:\tjf\github\MCU805IDE_win\build\lib\editor\spell_check.tcl
   Compressing: C:\tjf\github\MCU805IDE_win\build\lib\leftpanel\filelist.tcl
   Compressing: C:\tjf\github\MCU805IDE_win\build\lib\leftpanel\fsbrowser.tcl
   Compressing: C:\tjf\github\MCU805IDE_win\build\lib\leftpanel\sfrwatches.tcl
   Compressing: C:\tjf\github\MCU805IDE_win\build\lib\lib\FSnotifications.tcl
   Compressing: C:\tjf\github\MCU805IDE_win\build\lib\lib\hexeditor.tcl
   Compressing: C:\tjf\github\MCU805IDE_win\build\lib\lib\ihextools.tcl
   Compressing: C:\tjf\github\MCU805IDE_win\build\lib\lib\innerwindow.tcl
   Compressing: C:\tjf\github\MCU805IDE_win\build\lib\lib\Math.tcl
   Compressing: C:\tjf\github\MCU805IDE_win\build\lib\lib\modern_notebook.tcl
   Compressing: C:\tjf\github\MCU805IDE_win\build\lib\lib\settings.tcl
   Compressing: C:\tjf\github\MCU805IDE_win\build\lib\pale\ds1620.tcl
   Compressing: C:\tjf\github\MCU805IDE_win\build\lib\pale\file_interface.tcl
   Compressing: C:\tjf\github\MCU805IDE_win\build\lib\pale\hd44780_cgrom.tcl
   Compressing: C:\tjf\github\MCU805IDE_win\build\lib\pale\lcd_hd44780.tcl
   Compressing: C:\tjf\github\MCU805IDE_win\build\lib\pale\leddisplay.tcl
   Compressing: C:\tjf\github\MCU805IDE_win\build\lib\pale\ledmatrix.tcl
   Compressing: C:\tjf\github\MCU805IDE_win\build\lib\pale\ledpanel.tcl
   Compressing: C:\tjf\github\MCU805IDE_win\build\lib\pale\matrixkeypad.tcl
   Compressing: C:\tjf\github\MCU805IDE_win\build\lib\pale\multiplexedleddisplay.tcl
   Compressing: C:\tjf\github\MCU805IDE_win\build\lib\pale\pale.tcl
   Compressing: C:\tjf\github\MCU805IDE_win\build\lib\pale\simplekeypad.tcl
   Compressing: C:\tjf\github\MCU805IDE_win\build\lib\pale\virtual_hw_component.tcl
   Compressing: C:\tjf\github\MCU805IDE_win\build\lib\pale\virtual_uart_term.tcl
   Compressing: C:\tjf\github\MCU805IDE_win\build\lib\rightpanel\hwmanager.tcl
   Compressing: C:\tjf\github\MCU805IDE_win\build\lib\rightpanel\instructiondetails.tcl
   Compressing: C:\tjf\github\MCU805IDE_win\build\lib\rightpanel\regwatches.tcl
   Compressing: C:\tjf\github\MCU805IDE_win\build\lib\rightpanel\rightpanel.tcl
   Compressing: C:\tjf\github\MCU805IDE_win\build\lib\rightpanel\subprograms.tcl
   Compressing: C:\tjf\github\MCU805IDE_win\build\lib\simulator\bitmap.tcl
   Compressing: C:\tjf\github\MCU805IDE_win\build\lib\simulator\hibernate.tcl
   Compressing: C:\tjf\github\MCU805IDE_win\build\lib\simulator\interruptmonitor.tcl
   Compressing: C:\tjf\github\MCU805IDE_win\build\lib\simulator\sfrmap.tcl
   Compressing: C:\tjf\github\MCU805IDE_win\build\lib\simulator\simulator.tcl
   Compressing: C:\tjf\github\MCU805IDE_win\build\lib\simulator\simulator_gui.tcl
   Compressing: C:\tjf\github\MCU805IDE_win\build\lib\simulator\stackmonitor.tcl
   Compressing: C:\tjf\github\MCU805IDE_win\build\lib\simulator\stopwatch.tcl
   Compressing: C:\tjf\github\MCU805IDE_win\build\lib\simulator\uart_monitor.tcl
   Compressing: C:\tjf\github\MCU805IDE_win\build\lib\simulator\engine\engine_auxiliary_alo_functions.tcl
   Compressing: C:\tjf\github\MCU805IDE_win\build\lib\simulator\engine\engine_backward_stepping.tcl
   Compressing: C:\tjf\github\MCU805IDE_win\build\lib\simulator\engine\engine_control.tcl
   Compressing: C:\tjf\github\MCU805IDE_win\build\lib\simulator\engine\engine_core.tcl
   Compressing: C:\tjf\github\MCU805IDE_win\build\lib\simulator\engine\engine_external_interface_management.tcl
   Compressing: C:\tjf\github\MCU805IDE_win\build\lib\simulator\engine\engine_hibernation.tcl
   Compressing: C:\tjf\github\MCU805IDE_win\build\lib\simulator\engine\engine_initialization_cleanup.tcl
   Compressing: C:\tjf\github\MCU805IDE_win\build\lib\simulator\engine\engine_instructions.tcl
   Compressing: C:\tjf\github\MCU805IDE_win\build\lib\simulator\engine\engine_mcu_configuration.tcl
   Compressing: C:\tjf\github\MCU805IDE_win\build\lib\simulator\engine\engine_memory_management.tcl
   Compressing: C:\tjf\github\MCU805IDE_win\build\lib\simulator\engine\engine_opcodes.tcl
   Compressing: C:\tjf\github\MCU805IDE_win\build\lib\simulator\engine\engine_text_based_interface.tcl
   Compressing: C:\tjf\github\MCU805IDE_win\build\lib\simulator\engine\engine_virtual_hw_controller.tcl
   Compressing: C:\tjf\github\MCU805IDE_win\build\lib\utilities\asciichart.tcl
   Compressing: C:\tjf\github\MCU805IDE_win\build\lib\utilities\baseconverter.tcl
   Compressing: C:\tjf\github\MCU805IDE_win\build\lib\utilities\eightsegment.tcl
   Compressing: C:\tjf\github\MCU805IDE_win\build\lib\utilities\hexeditdlg.tcl
   Compressing: C:\tjf\github\MCU805IDE_win\build\lib\utilities\notes.tcl
   Compressing: C:\tjf\github\MCU805IDE_win\build\lib\utilities\rs232debugger.tcl
   Compressing: C:\tjf\github\MCU805IDE_win\build\lib\utilities\speccalc.tcl
   Compressing: C:\tjf\github\MCU805IDE_win\build\lib\utilities\symbol_viewer.tcl
   Compressing: C:\tjf\github\MCU805IDE_win\build\lib\utilities\table_of_instructions.tcl
   Compressing: C:\tjf\github\MCU805IDE_win\build\..\src\pkgs\Windows\startasem.bat
   Compressing: C:\tjf\github\MCU805IDE_win\build\..\src\pkgs\Windows\startsdcc.bat
   Compressing: C:\tjf\github\MCU805IDE_win\build\..\src\pkgs\Windows\external_command.bat
   Compressing: C:\tjf\github\MCU805IDE_win\build\..\src\pkgs\Windows\readme.txt
   Compressing: C:\tjf\github\MCU805IDE_win\build\mcu8051ide_entry.tcl
   Compressing Setup program executable
   Updating version info (Setup.exe)
   Updating manifest (Setup.exe)


Successful compile (10.015 sec). Resulting Setup program filename is:
C:\tjf\github\MCU805IDE_win\build\mcu8051ide-1.4.9-setup.exe
